#
# There is insufficient memory for the Java Runtime Environment to continue.
# Native memory allocation (malloc) failed to allocate 452496 bytes for Chunk::new
# Possible reasons:
#   The system is out of physical RAM or swap space
#   The process is running with CompressedOops enabled, and the Java Heap may be blocking the growth of the native heap
# Possible solutions:
#   Reduce memory load on the system
#   Increase physical memory or swap space
#   Check if swap backing store is full
#   Decrease Java heap size (-Xmx/-Xms)
#   Decrease number of Java threads
#   Decrease Java thread stack sizes (-Xss)
#   Set larger code cache with -XX:ReservedCodeCacheSize=
#   JVM is running with Unscaled Compressed Oops mode in which the Java heap is
#     placed in the first 4GB address space. The Java Heap base address is the
#     maximum limit for the native heap growth. Please use -XX:HeapBaseMinAddress
#     to set the Java Heap base and to place the Java Heap above 4GB virtual address.
# This output file may be truncated or incomplete.
#
#  Out of Memory Error (./src/hotspot/share/memory/arena.cpp:197), pid=13992, tid=5004
#
# JRE version: OpenJDK Runtime Environment (11.0.12+7) (build 11.0.12+7-b1504.28-7817840)
# Java VM: OpenJDK 64-Bit Server VM (11.0.12+7-b1504.28-7817840, mixed mode, tiered, compressed oops, g1 gc, windows-amd64)
# No core dump will be written. Minidumps are not enabled by default on client versions of Windows
#

---------------  S U M M A R Y ------------

Command Line: --add-opens=java.base/java.util=ALL-UNNAMED --add-opens=java.base/java.lang=ALL-UNNAMED --add-opens=java.base/java.lang.invoke=ALL-UNNAMED --add-opens=java.base/java.util=ALL-UNNAMED --add-opens=java.prefs/java.util.prefs=ALL-UNNAMED --add-opens=java.prefs/java.util.prefs=ALL-UNNAMED --add-opens=java.base/java.nio.charset=ALL-UNNAMED --add-opens=java.base/java.net=ALL-UNNAMED --add-opens=java.base/java.util.concurrent.atomic=ALL-UNNAMED -Xmx2048m -Dfile.encoding=UTF-8 -Duser.country=US -Duser.language=en -Duser.variant org.gradle.launcher.daemon.bootstrap.GradleDaemon 7.3.3

Host: Intel(R) Core(TM) i5-7200U CPU @ 2.50GHz, 4 cores, 7G,  Windows 10 , 64 bit Build 19041 (10.0.19041.1889)
Time: Sat Aug 27 20:12:24 2022 SE Asia Standard Time elapsed time: 587.780674 seconds (0d 0h 9m 47s)

---------------  T H R E A D  ---------------

Current thread (0x00000289e533d800):  JavaThread "C2 CompilerThread0" daemon [_thread_in_native, id=5004, stack(0x000000dd5af00000,0x000000dd5b000000)]


Current CompileTask:
C2: 587989 14289       4       java.util.concurrent.locks.AbstractQueuedSynchronizer$ConditionObject::awaitNanos (181 bytes)

Stack: [0x000000dd5af00000,0x000000dd5b000000]
Native frames: (J=compiled Java code, j=interpreted, Vv=VM code, C=native code)
V  [jvm.dll+0x5fbcea]
V  [jvm.dll+0x731905]
V  [jvm.dll+0x732f1d]
V  [jvm.dll+0x7335d3]
V  [jvm.dll+0x247bf8]
V  [jvm.dll+0xc018c]
V  [jvm.dll+0xc06cc]
V  [jvm.dll+0x35b31d]
V  [jvm.dll+0x328803]
V  [jvm.dll+0x327cfa]
V  [jvm.dll+0x200602]
V  [jvm.dll+0x1ff794]
V  [jvm.dll+0x18868c]
V  [jvm.dll+0x20e0d7]
V  [jvm.dll+0x20c901]
V  [jvm.dll+0x6f9b7f]
V  [jvm.dll+0x6f26a5]
V  [jvm.dll+0x5fabf6]
C  [ucrtbase.dll+0x21bb2]
C  [KERNEL32.DLL+0x17034]
C  [ntdll.dll+0x52651]


---------------  P R O C E S S  ---------------

Threads class SMR info:
_java_thread_list=0x00000289ed29ef00, length=93, elements={
0x00000289ca7b9800, 0x00000289e4b19000, 0x00000289e4b25000, 0x00000289e4b14800,
0x00000289e5330800, 0x00000289e5334800, 0x00000289e533d800, 0x00000289e5340800,
0x00000289e5344000, 0x00000289e54e9800, 0x00000289e67dc800, 0x00000289e559f000,
0x00000289e757a800, 0x00000289e77b0800, 0x00000289e77ac000, 0x00000289e77ad800,
0x00000289e77ae000, 0x00000289e77af000, 0x00000289e77b0000, 0x00000289e77b1800,
0x00000289e7b12000, 0x00000289e7b10000, 0x00000289e7b15000, 0x00000289e7b0f800,
0x00000289eb857800, 0x00000289eb85f000, 0x00000289eb858000, 0x00000289eb856800,
0x00000289eb855000, 0x00000289eb852800, 0x00000289eb854000, 0x00000289eb853800,
0x00000289eb859000, 0x00000289eb85a000, 0x00000289eb85a800, 0x00000289eb85b800,
0x00000289eb856000, 0x00000289eb861000, 0x00000289eb85c800, 0x00000289eb860800,
0x00000289eb85f800, 0x00000289eb85d000, 0x00000289e7b11000, 0x00000289e7b18800,
0x00000289e7b12800, 0x00000289e7b19000, 0x00000289e7b17800, 0x00000289e7b13800,
0x00000289e7b1a000, 0x00000289e7b16000, 0x00000289e7b16800, 0x00000289e7b1b000,
0x00000289e7b1c800, 0x00000289e7b1d000, 0x00000289e7b1e000, 0x00000289e77ab000,
0x00000289e77ac800, 0x00000289e807f000, 0x00000289e807e000, 0x00000289e8081800,
0x00000289e8082800, 0x00000289e807d800, 0x00000289e8085800, 0x00000289e8083000,
0x00000289e8084000, 0x00000289e8085000, 0x00000289e8080000, 0x00000289e8086800,
0x00000289e8080800, 0x00000289e808a800, 0x00000289e8089800, 0x00000289e808b800,
0x00000289e8087000, 0x00000289e8088000, 0x00000289e8089000, 0x00000289e808c000,
0x00000289e8090800, 0x00000289e8090000, 0x00000289e808e000, 0x00000289e8091800,
0x00000289e808f000, 0x00000289e8093000, 0x00000289e808d800, 0x00000289e8092800,
0x00000289e8097000, 0x00000289e8095800, 0x00000289e8095000, 0x00000289e8096800,
0x00000289e8098000, 0x00000289e8099000, 0x00000289e8099800, 0x00000289e8094000,
0x00000289e809a800
}

Java Threads: ( => current thread )
  0x00000289ca7b9800 JavaThread "main" [_thread_blocked, id=4924, stack(0x000000dd5a300000,0x000000dd5a400000)]
  0x00000289e4b19000 JavaThread "Reference Handler" daemon [_thread_blocked, id=7844, stack(0x000000dd5aa00000,0x000000dd5ab00000)]
  0x00000289e4b25000 JavaThread "Finalizer" daemon [_thread_blocked, id=4660, stack(0x000000dd5ab00000,0x000000dd5ac00000)]
  0x00000289e4b14800 JavaThread "Signal Dispatcher" daemon [_thread_blocked, id=13508, stack(0x000000dd5ac00000,0x000000dd5ad00000)]
  0x00000289e5330800 JavaThread "Attach Listener" daemon [_thread_blocked, id=10820, stack(0x000000dd5ad00000,0x000000dd5ae00000)]
  0x00000289e5334800 JavaThread "Service Thread" daemon [_thread_blocked, id=11100, stack(0x000000dd5ae00000,0x000000dd5af00000)]
=>0x00000289e533d800 JavaThread "C2 CompilerThread0" daemon [_thread_in_native, id=5004, stack(0x000000dd5af00000,0x000000dd5b000000)]
  0x00000289e5340800 JavaThread "C1 CompilerThread0" daemon [_thread_blocked, id=14676, stack(0x000000dd5b000000,0x000000dd5b100000)]
  0x00000289e5344000 JavaThread "Sweeper thread" daemon [_thread_blocked, id=12520, stack(0x000000dd5b100000,0x000000dd5b200000)]
  0x00000289e54e9800 JavaThread "Common-Cleaner" daemon [_thread_blocked, id=12144, stack(0x000000dd5b200000,0x000000dd5b300000)]
  0x00000289e67dc800 JavaThread "Daemon health stats" [_thread_blocked, id=1592, stack(0x000000dd5b700000,0x000000dd5b800000)]
  0x00000289e559f000 JavaThread "Incoming local TCP Connector on port 56130" [_thread_in_native, id=7272, stack(0x000000dd5b400000,0x000000dd5b500000)]
  0x00000289e757a800 JavaThread "Daemon periodic checks" [_thread_blocked, id=2804, stack(0x000000dd5b800000,0x000000dd5b900000)]
  0x00000289e77b0800 JavaThread "Cache worker for journal cache (C:\Users\Admin\.gradle\caches\journal-1)" [_thread_blocked, id=11116, stack(0x000000dd5c200000,0x000000dd5c300000)]
  0x00000289e77ac000 JavaThread "File lock request listener" [_thread_in_native, id=11000, stack(0x000000dd5c300000,0x000000dd5c400000)]
  0x00000289e77ad800 JavaThread "Cache worker for file hash cache (C:\Users\Admin\.gradle\caches\7.3.3\fileHashes)" [_thread_blocked, id=11728, stack(0x000000dd5c400000,0x000000dd5c500000)]
  0x00000289e77ae000 JavaThread "File watcher server" daemon [_thread_in_native, id=8496, stack(0x000000dd5c600000,0x000000dd5c700000)]
  0x00000289e77af000 JavaThread "File watcher consumer" daemon [_thread_blocked, id=4792, stack(0x000000dd5c700000,0x000000dd5c800000)]
  0x00000289e77b0000 JavaThread "jar transforms" [_thread_blocked, id=11056, stack(0x000000dd5c800000,0x000000dd5c900000)]
  0x00000289e77b1800 JavaThread "jar transforms Thread 2" [_thread_blocked, id=13404, stack(0x000000dd5c900000,0x000000dd5ca00000)]
  0x00000289e7b12000 JavaThread "jar transforms Thread 3" [_thread_blocked, id=15348, stack(0x000000dd5ca00000,0x000000dd5cb00000)]
  0x00000289e7b10000 JavaThread "jar transforms Thread 4" [_thread_blocked, id=8404, stack(0x000000dd5cb00000,0x000000dd5cc00000)]
  0x00000289e7b15000 JavaThread "Cache worker for execution history cache (C:\Users\Admin\.gradle\caches\7.3.3\executionHistory)" [_thread_blocked, id=7352, stack(0x000000dd5ce00000,0x000000dd5cf00000)]
  0x00000289e7b0f800 JavaThread "Cache worker for file content cache (C:\Users\Admin\.gradle\caches\7.3.3\fileContent)" [_thread_blocked, id=12004, stack(0x000000dd5d000000,0x000000dd5d100000)]
  0x00000289eb857800 JavaThread "Memory manager" [_thread_blocked, id=13940, stack(0x000000dd5fb00000,0x000000dd5fc00000)]
  0x00000289eb85f000 JavaThread "pool-3-thread-1" [_thread_blocked, id=9764, stack(0x000000dd5fc00000,0x000000dd5fd00000)]
  0x00000289eb858000 JavaThread "Daemon Thread 2" [_thread_blocked, id=11620, stack(0x000000dd5a000000,0x000000dd5a100000)]
  0x00000289eb856800 JavaThread "Handler for socket connection from /127.0.0.1:56130 to /127.0.0.1:56183" [_thread_in_native, id=2848, stack(0x000000dd5a100000,0x000000dd5a200000)]
  0x00000289eb855000 JavaThread "Cancel handler" [_thread_blocked, id=13020, stack(0x000000dd5a200000,0x000000dd5a300000)]
  0x00000289eb852800 JavaThread "Daemon worker Thread 2" [_thread_blocked, id=11880, stack(0x000000dd5b900000,0x000000dd5ba00000)]
  0x00000289eb854000 JavaThread "Asynchronous log dispatcher for DefaultDaemonConnection: socket connection from /127.0.0.1:56130 to /127.0.0.1:56183" [_thread_blocked, id=7660, stack(0x000000dd5ba00000,0x000000dd5bb00000)]
  0x00000289eb853800 JavaThread "Stdin handler" [_thread_blocked, id=6064, stack(0x000000dd5bb00000,0x000000dd5bc00000)]
  0x00000289eb859000 JavaThread "Daemon client event forwarder" [_thread_blocked, id=8472, stack(0x000000dd5bc00000,0x000000dd5bd00000)]
  0x00000289eb85a000 JavaThread "Cache worker for file hash cache (E:\android 22\HelloWord\.gradle\7.3.3\fileHashes)" [_thread_blocked, id=6732, stack(0x000000dd5bd00000,0x000000dd5be00000)]
  0x00000289eb85a800 JavaThread "Cache worker for checksums cache (E:\android 22\HelloWord\.gradle\7.3.3\checksums)" [_thread_blocked, id=8768, stack(0x000000dd5bf00000,0x000000dd5c000000)]
  0x00000289eb85b800 JavaThread "Cache worker for cache directory md-supplier (C:\Users\Admin\.gradle\caches\7.3.3\md-supplier)" [_thread_blocked, id=12972, stack(0x000000dd5c000000,0x000000dd5c100000)]
  0x00000289eb856000 JavaThread "Cache worker for cache directory md-rule (C:\Users\Admin\.gradle\caches\7.3.3\md-rule)" [_thread_blocked, id=2956, stack(0x000000dd5c500000,0x000000dd5c600000)]
  0x00000289eb861000 JavaThread "Cache worker for dependencies-accessors (E:\android 22\HelloWord\.gradle\7.3.3\dependencies-accessors)" [_thread_blocked, id=6716, stack(0x000000dd5cc00000,0x000000dd5cd00000)]
  0x00000289eb85c800 JavaThread "Cache worker for Build Output Cleanup Cache (E:\android 22\HelloWord\.gradle\buildOutputCleanup)" [_thread_blocked, id=9932, stack(0x000000dd5cd00000,0x000000dd5ce00000)]
  0x00000289eb860800 JavaThread "Unconstrained build operations" [_thread_blocked, id=5012, stack(0x000000dd5cf00000,0x000000dd5d000000)]
  0x00000289eb85f800 JavaThread "Unconstrained build operations Thread 2" [_thread_blocked, id=3000, stack(0x000000dd5d100000,0x000000dd5d200000)]
  0x00000289eb85d000 JavaThread "Unconstrained build operations Thread 3" [_thread_blocked, id=10644, stack(0x000000dd5d200000,0x000000dd5d300000)]
  0x00000289e7b11000 JavaThread "Unconstrained build operations Thread 4" [_thread_blocked, id=4388, stack(0x000000dd5d300000,0x000000dd5d400000)]
  0x00000289e7b18800 JavaThread "Unconstrained build operations Thread 5" [_thread_blocked, id=13200, stack(0x000000dd5d400000,0x000000dd5d500000)]
  0x00000289e7b12800 JavaThread "Unconstrained build operations Thread 6" [_thread_blocked, id=13516, stack(0x000000dd5d500000,0x000000dd5d600000)]
  0x00000289e7b19000 JavaThread "Unconstrained build operations Thread 7" [_thread_blocked, id=8384, stack(0x000000dd5d600000,0x000000dd5d700000)]
  0x00000289e7b17800 JavaThread "Unconstrained build operations Thread 8" [_thread_blocked, id=2500, stack(0x000000dd5d700000,0x000000dd5d800000)]
  0x00000289e7b13800 JavaThread "Unconstrained build operations Thread 9" [_thread_blocked, id=3040, stack(0x000000dd5d800000,0x000000dd5d900000)]
  0x00000289e7b1a000 JavaThread "Unconstrained build operations Thread 10" [_thread_blocked, id=8732, stack(0x000000dd5d900000,0x000000dd5da00000)]
  0x00000289e7b16000 JavaThread "Unconstrained build operations Thread 11" [_thread_blocked, id=8440, stack(0x000000dd5da00000,0x000000dd5db00000)]
  0x00000289e7b16800 JavaThread "Unconstrained build operations Thread 12" [_thread_blocked, id=3584, stack(0x000000dd5db00000,0x000000dd5dc00000)]
  0x00000289e7b1b000 JavaThread "Unconstrained build operations Thread 13" [_thread_blocked, id=7868, stack(0x000000dd5dc00000,0x000000dd5dd00000)]
  0x00000289e7b1c800 JavaThread "Unconstrained build operations Thread 14" [_thread_blocked, id=4052, stack(0x000000dd5dd00000,0x000000dd5de00000)]
  0x00000289e7b1d000 JavaThread "Unconstrained build operations Thread 15" [_thread_blocked, id=2932, stack(0x000000dd5de00000,0x000000dd5df00000)]
  0x00000289e7b1e000 JavaThread "Unconstrained build operations Thread 16" [_thread_blocked, id=9512, stack(0x000000dd5df00000,0x000000dd5e000000)]
  0x00000289e77ab000 JavaThread "Unconstrained build operations Thread 17" [_thread_blocked, id=3652, stack(0x000000dd5e000000,0x000000dd5e100000)]
  0x00000289e77ac800 JavaThread "Unconstrained build operations Thread 18" [_thread_blocked, id=8476, stack(0x000000dd5e100000,0x000000dd5e200000)]
  0x00000289e807f000 JavaThread "Unconstrained build operations Thread 19" [_thread_blocked, id=14420, stack(0x000000dd5e200000,0x000000dd5e300000)]
  0x00000289e807e000 JavaThread "Unconstrained build operations Thread 20" [_thread_blocked, id=15200, stack(0x000000dd5e300000,0x000000dd5e400000)]
  0x00000289e8081800 JavaThread "Unconstrained build operations Thread 21" [_thread_blocked, id=9664, stack(0x000000dd5e400000,0x000000dd5e500000)]
  0x00000289e8082800 JavaThread "Unconstrained build operations Thread 22" [_thread_blocked, id=1240, stack(0x000000dd5e500000,0x000000dd5e600000)]
  0x00000289e807d800 JavaThread "Unconstrained build operations Thread 23" [_thread_blocked, id=6708, stack(0x000000dd5e600000,0x000000dd5e700000)]
  0x00000289e8085800 JavaThread "Unconstrained build operations Thread 24" [_thread_blocked, id=14876, stack(0x000000dd5e700000,0x000000dd5e800000)]
  0x00000289e8083000 JavaThread "Unconstrained build operations Thread 25" [_thread_blocked, id=672, stack(0x000000dd5e800000,0x000000dd5e900000)]
  0x00000289e8084000 JavaThread "Unconstrained build operations Thread 26" [_thread_blocked, id=13676, stack(0x000000dd5e900000,0x000000dd5ea00000)]
  0x00000289e8085000 JavaThread "Unconstrained build operations Thread 27" [_thread_blocked, id=11608, stack(0x000000dd5ea00000,0x000000dd5eb00000)]
  0x00000289e8080000 JavaThread "Unconstrained build operations Thread 28" [_thread_blocked, id=2920, stack(0x000000dd5eb00000,0x000000dd5ec00000)]
  0x00000289e8086800 JavaThread "Unconstrained build operations Thread 29" [_thread_blocked, id=8684, stack(0x000000dd5ec00000,0x000000dd5ed00000)]
  0x00000289e8080800 JavaThread "Unconstrained build operations Thread 30" [_thread_blocked, id=9444, stack(0x000000dd5ed00000,0x000000dd5ee00000)]
  0x00000289e808a800 JavaThread "Unconstrained build operations Thread 31" [_thread_blocked, id=1648, stack(0x000000dd5ee00000,0x000000dd5ef00000)]
  0x00000289e8089800 JavaThread "Unconstrained build operations Thread 32" [_thread_blocked, id=3900, stack(0x000000dd5ef00000,0x000000dd5f000000)]
  0x00000289e808b800 JavaThread "Unconstrained build operations Thread 33" [_thread_blocked, id=2304, stack(0x000000dd5f000000,0x000000dd5f100000)]
  0x00000289e8087000 JavaThread "Unconstrained build operations Thread 34" [_thread_blocked, id=11240, stack(0x000000dd5f100000,0x000000dd5f200000)]
  0x00000289e8088000 JavaThread "Unconstrained build operations Thread 35" [_thread_blocked, id=4808, stack(0x000000dd5f200000,0x000000dd5f300000)]
  0x00000289e8089000 JavaThread "Unconstrained build operations Thread 36" [_thread_blocked, id=9424, stack(0x000000dd5f300000,0x000000dd5f400000)]
  0x00000289e808c000 JavaThread "Unconstrained build operations Thread 37" [_thread_blocked, id=13108, stack(0x000000dd5f400000,0x000000dd5f500000)]
  0x00000289e8090800 JavaThread "Unconstrained build operations Thread 38" [_thread_blocked, id=11664, stack(0x000000dd5f500000,0x000000dd5f600000)]
  0x00000289e8090000 JavaThread "Unconstrained build operations Thread 39" [_thread_blocked, id=3516, stack(0x000000dd5f600000,0x000000dd5f700000)]
  0x00000289e808e000 JavaThread "Unconstrained build operations Thread 40" [_thread_blocked, id=7840, stack(0x000000dd5f700000,0x000000dd5f800000)]
  0x00000289e8091800 JavaThread "build event listener" [_thread_blocked, id=14456, stack(0x000000dd5f800000,0x000000dd5f900000)]
  0x00000289e808f000 JavaThread "pool-6-thread-1" [_thread_blocked, id=13192, stack(0x000000dd5f900000,0x000000dd5fa00000)]
  0x00000289e8093000 JavaThread "build event listener" [_thread_blocked, id=14268, stack(0x000000dd5fa00000,0x000000dd5fb00000)]
  0x00000289e808d800 JavaThread "Execution worker for ':'" [_thread_blocked, id=3508, stack(0x000000dd5fd00000,0x000000dd5fe00000)]
  0x00000289e8092800 JavaThread "Execution worker for ':' Thread 2" [_thread_blocked, id=10136, stack(0x000000dd5fe00000,0x000000dd5ff00000)]
  0x00000289e8097000 JavaThread "Execution worker for ':' Thread 3" [_thread_blocked, id=1732, stack(0x000000dd5ff00000,0x000000dd60000000)]
  0x00000289e8095800 JavaThread "Cache worker for execution history cache (E:\android 22\HelloWord\.gradle\7.3.3\executionHistory)" [_thread_blocked, id=5672, stack(0x000000dd60000000,0x000000dd60100000)]
  0x00000289e8095000 JavaThread "WorkerExecutor Queue" [_thread_blocked, id=11736, stack(0x000000dd60200000,0x000000dd60300000)]
  0x00000289e8096800 JavaThread "WorkerExecutor Queue Thread 2" [_thread_blocked, id=4980, stack(0x000000dd60300000,0x000000dd60400000)]
  0x00000289e8098000 JavaThread "WorkerExecutor Queue Thread 3" [_thread_blocked, id=11108, stack(0x000000dd60500000,0x000000dd60600000)]
  0x00000289e8099000 JavaThread "WorkerExecutor Queue Thread 4" [_thread_blocked, id=12060, stack(0x000000dd60600000,0x000000dd60700000)]
  0x00000289e8099800 JavaThread "pool-7-thread-1" [_thread_blocked, id=9320, stack(0x000000dd60700000,0x000000dd60800000)]
  0x00000289e8094000 JavaThread "stderr" [_thread_in_native, id=14288, stack(0x000000dd60800000,0x000000dd60900000)]
  0x00000289e809a800 JavaThread "stdout" [_thread_in_native, id=14212, stack(0x000000dd60900000,0x000000dd60a00000)]

Other Threads:
  0x00000289e4ac4800 VMThread "VM Thread" [stack: 0x000000dd5a900000,0x000000dd5aa00000] [id=6504]
  0x00000289e5540800 WatcherThread [stack: 0x000000dd5b300000,0x000000dd5b400000] [id=10932]
  0x00000289ca7d3800 GCTaskThread "GC Thread#0" [stack: 0x000000dd5a400000,0x000000dd5a500000] [id=2400]
  0x00000289e6273800 GCTaskThread "GC Thread#1" [stack: 0x000000dd5b500000,0x000000dd5b600000] [id=3252]
  0x00000289e572a000 GCTaskThread "GC Thread#2" [stack: 0x000000dd5b600000,0x000000dd5b700000] [id=9064]
  0x00000289e69b2000 GCTaskThread "GC Thread#3" [stack: 0x000000dd5c100000,0x000000dd5c200000] [id=13632]
  0x00000289ca807000 ConcurrentGCThread "G1 Main Marker" [stack: 0x000000dd5a500000,0x000000dd5a600000] [id=3720]
  0x00000289ca808000 ConcurrentGCThread "G1 Conc#0" [stack: 0x000000dd5a600000,0x000000dd5a700000] [id=9168]
  0x00000289ca897800 ConcurrentGCThread "G1 Refine#0" [stack: 0x000000dd5a700000,0x000000dd5a800000] [id=2264]
  0x00000289e7bc3000 ConcurrentGCThread "G1 Refine#1" [stack: 0x000000dd60100000,0x000000dd60200000] [id=11232]
  0x00000289ca898800 ConcurrentGCThread "G1 Young RemSet Sampling" [stack: 0x000000dd5a800000,0x000000dd5a900000] [id=4704]

Threads with active compile tasks:
C2 CompilerThread0 589481 14289       4       java.util.concurrent.locks.AbstractQueuedSynchronizer$ConditionObject::awaitNanos (181 bytes)

VM state:not at safepoint (normal execution)

VM Mutex/Monitor currently owned by a thread: None

Heap address: 0x0000000080000000, size: 2048 MB, Compressed Oops mode: 32-bit
Narrow klass base: 0x0000000000000000, Narrow klass shift: 3
Compressed class space size: 1073741824 Address: 0x0000000100000000

Heap:
 garbage-first heap   total 225280K, used 151931K [0x0000000080000000, 0x0000000100000000)
  region size 1024K, 22 young (22528K), 4 survivors (4096K)
 Metaspace       used 113032K, capacity 116062K, committed 116180K, reserved 1150976K
  class space    used 14055K, capacity 15090K, committed 15180K, reserved 1048576K
Heap Regions: E=young(eden), S=young(survivor), O=old, HS=humongous(starts), HC=humongous(continues), CS=collection set, F=free, A=archive, TAMS=top-at-mark-start (previous, next)
|   0|0x0000000080000000, 0x0000000080100000, 0x0000000080100000|100%| O|  |TAMS 0x0000000080100000, 0x0000000080000000| Complete 
|   1|0x0000000080100000, 0x0000000080200000, 0x0000000080200000|100%| O|  |TAMS 0x0000000080200000, 0x0000000080100000| Untracked 
|   2|0x0000000080200000, 0x0000000080300000, 0x0000000080300000|100%| O|  |TAMS 0x0000000080300000, 0x0000000080200000| Untracked 
|   3|0x0000000080300000, 0x0000000080400000, 0x0000000080400000|100%|HS|  |TAMS 0x0000000080400000, 0x0000000080300000| Complete 
|   4|0x0000000080400000, 0x0000000080500000, 0x0000000080500000|100%|HC|  |TAMS 0x0000000080500000, 0x0000000080400000| Complete 
|   5|0x0000000080500000, 0x0000000080600000, 0x0000000080600000|100%|HC|  |TAMS 0x0000000080600000, 0x0000000080500000| Complete 
|   6|0x0000000080600000, 0x0000000080700000, 0x0000000080700000|100%| O|  |TAMS 0x0000000080700000, 0x0000000080600000| Untracked 
|   7|0x0000000080700000, 0x0000000080800000, 0x0000000080800000|100%| O|  |TAMS 0x0000000080800000, 0x0000000080700000| Untracked 
|   8|0x0000000080800000, 0x0000000080900000, 0x0000000080900000|100%| O|  |TAMS 0x0000000080900000, 0x0000000080800000| Untracked 
|   9|0x0000000080900000, 0x0000000080a00000, 0x0000000080a00000|100%| O|  |TAMS 0x0000000080a00000, 0x0000000080900000| Untracked 
|  10|0x0000000080a00000, 0x0000000080b00000, 0x0000000080b00000|100%| O|  |TAMS 0x0000000080b00000, 0x0000000080a00000| Untracked 
|  11|0x0000000080b00000, 0x0000000080c00000, 0x0000000080c00000|100%| O|  |TAMS 0x0000000080c00000, 0x0000000080b00000| Untracked 
|  12|0x0000000080c00000, 0x0000000080d00000, 0x0000000080d00000|100%| O|  |TAMS 0x0000000080d00000, 0x0000000080c00000| Untracked 
|  13|0x0000000080d00000, 0x0000000080e00000, 0x0000000080e00000|100%| O|  |TAMS 0x0000000080e00000, 0x0000000080d00000| Untracked 
|  14|0x0000000080e00000, 0x0000000080f00000, 0x0000000080f00000|100%| O|  |TAMS 0x0000000080f00000, 0x0000000080e00000| Untracked 
|  15|0x0000000080f00000, 0x0000000081000000, 0x0000000081000000|100%| O|  |TAMS 0x0000000081000000, 0x0000000080f00000| Untracked 
|  16|0x0000000081000000, 0x0000000081100000, 0x0000000081100000|100%|HS|  |TAMS 0x0000000081100000, 0x0000000081000000| Complete 
|  17|0x0000000081100000, 0x0000000081200000, 0x0000000081200000|100%|HC|  |TAMS 0x0000000081200000, 0x0000000081100000| Complete 
|  18|0x0000000081200000, 0x0000000081300000, 0x0000000081300000|100%|HS|  |TAMS 0x0000000081300000, 0x0000000081200000| Complete 
|  19|0x0000000081300000, 0x0000000081400000, 0x0000000081400000|100%|HC|  |TAMS 0x0000000081400000, 0x0000000081300000| Complete 
|  20|0x0000000081400000, 0x0000000081500000, 0x0000000081500000|100%|HC|  |TAMS 0x0000000081500000, 0x0000000081400000| Complete 
|  21|0x0000000081500000, 0x0000000081600000, 0x0000000081600000|100%|HS|  |TAMS 0x0000000081600000, 0x0000000081500000| Complete 
|  22|0x0000000081600000, 0x0000000081700000, 0x0000000081700000|100%|HS|  |TAMS 0x0000000081700000, 0x0000000081600000| Complete 
|  23|0x0000000081700000, 0x0000000081800000, 0x0000000081800000|100%|HC|  |TAMS 0x0000000081800000, 0x0000000081700000| Complete 
|  24|0x0000000081800000, 0x0000000081900000, 0x0000000081900000|100%|HC|  |TAMS 0x0000000081900000, 0x0000000081800000| Complete 
|  25|0x0000000081900000, 0x0000000081a00000, 0x0000000081a00000|100%|HC|  |TAMS 0x0000000081a00000, 0x0000000081900000| Complete 
|  26|0x0000000081a00000, 0x0000000081b00000, 0x0000000081b00000|100%| O|  |TAMS 0x0000000081b00000, 0x0000000081a00000| Complete 
|  27|0x0000000081b00000, 0x0000000081c00000, 0x0000000081c00000|100%| O|  |TAMS 0x0000000081c00000, 0x0000000081b00000| Untracked 
|  28|0x0000000081c00000, 0x0000000081d00000, 0x0000000081d00000|100%| O|  |TAMS 0x0000000081d00000, 0x0000000081c00000| Untracked 
|  29|0x0000000081d00000, 0x0000000081e00000, 0x0000000081e00000|100%| O|  |TAMS 0x0000000081e00000, 0x0000000081d00000| Untracked 
|  30|0x0000000081e00000, 0x0000000081f00000, 0x0000000081f00000|100%| O|  |TAMS 0x0000000081f00000, 0x0000000081e00000| Untracked 
|  31|0x0000000081f00000, 0x0000000082000000, 0x0000000082000000|100%| O|  |TAMS 0x0000000082000000, 0x0000000081f00000| Complete 
|  32|0x0000000082000000, 0x0000000082100000, 0x0000000082100000|100%| O|  |TAMS 0x0000000082100000, 0x0000000082000000| Untracked 
|  33|0x0000000082100000, 0x0000000082200000, 0x0000000082200000|100%| O|  |TAMS 0x0000000082200000, 0x0000000082100000| Untracked 
|  34|0x0000000082200000, 0x0000000082300000, 0x0000000082300000|100%|HS|  |TAMS 0x0000000082300000, 0x0000000082200000| Complete 
|  35|0x0000000082300000, 0x0000000082400000, 0x0000000082400000|100%|HS|  |TAMS 0x0000000082400000, 0x0000000082300000| Complete 
|  36|0x0000000082400000, 0x0000000082500000, 0x0000000082500000|100%|HC|  |TAMS 0x0000000082500000, 0x0000000082400000| Complete 
|  37|0x0000000082500000, 0x0000000082600000, 0x0000000082600000|100%|HC|  |TAMS 0x0000000082600000, 0x0000000082500000| Complete 
|  38|0x0000000082600000, 0x0000000082700000, 0x0000000082700000|100%|HS|  |TAMS 0x0000000082700000, 0x0000000082600000| Complete 
|  39|0x0000000082700000, 0x0000000082800000, 0x0000000082800000|100%| O|  |TAMS 0x0000000082800000, 0x0000000082700000| Untracked 
|  40|0x0000000082800000, 0x0000000082900000, 0x0000000082900000|100%| O|  |TAMS 0x0000000082900000, 0x0000000082800000| Untracked 
|  41|0x0000000082900000, 0x0000000082a00000, 0x0000000082a00000|100%| O|  |TAMS 0x0000000082a00000, 0x0000000082900000| Untracked 
|  42|0x0000000082a00000, 0x0000000082b00000, 0x0000000082b00000|100%| O|  |TAMS 0x0000000082b00000, 0x0000000082a00000| Untracked 
|  43|0x0000000082b00000, 0x0000000082c00000, 0x0000000082c00000|100%| O|  |TAMS 0x0000000082c00000, 0x0000000082b00000| Untracked 
|  44|0x0000000082c00000, 0x0000000082d00000, 0x0000000082d00000|100%| O|  |TAMS 0x0000000082d00000, 0x0000000082c00000| Complete 
|  45|0x0000000082d00000, 0x0000000082e00000, 0x0000000082e00000|100%|HS|  |TAMS 0x0000000082e00000, 0x0000000082d00000| Complete 
|  46|0x0000000082e00000, 0x0000000082f00000, 0x0000000082f00000|100%|HC|  |TAMS 0x0000000082f00000, 0x0000000082e00000| Complete 
|  47|0x0000000082f00000, 0x0000000083000000, 0x0000000083000000|100%|HC|  |TAMS 0x0000000083000000, 0x0000000082f00000| Complete 
|  48|0x0000000083000000, 0x0000000083100000, 0x0000000083100000|100%|HC|  |TAMS 0x0000000083100000, 0x0000000083000000| Complete 
|  49|0x0000000083100000, 0x0000000083200000, 0x0000000083200000|100%|HS|  |TAMS 0x0000000083200000, 0x0000000083100000| Complete 
|  50|0x0000000083200000, 0x0000000083300000, 0x0000000083300000|100%|HS|  |TAMS 0x0000000083300000, 0x0000000083200000| Complete 
|  51|0x0000000083300000, 0x0000000083400000, 0x0000000083400000|100%|HC|  |TAMS 0x0000000083400000, 0x0000000083300000| Complete 
|  52|0x0000000083400000, 0x0000000083500000, 0x0000000083500000|100%| O|  |TAMS 0x0000000083500000, 0x0000000083400000| Untracked 
|  53|0x0000000083500000, 0x0000000083600000, 0x0000000083600000|100%| O|  |TAMS 0x0000000083600000, 0x0000000083500000| Untracked 
|  54|0x0000000083600000, 0x0000000083700000, 0x0000000083700000|100%| O|  |TAMS 0x0000000083700000, 0x0000000083600000| Untracked 
|  55|0x0000000083700000, 0x0000000083800000, 0x0000000083800000|100%| O|  |TAMS 0x0000000083800000, 0x0000000083700000| Complete 
|  56|0x0000000083800000, 0x0000000083900000, 0x0000000083900000|100%| O|  |TAMS 0x0000000083900000, 0x0000000083800000| Complete 
|  57|0x0000000083900000, 0x0000000083a00000, 0x0000000083a00000|100%| O|  |TAMS 0x0000000083a00000, 0x0000000083900000| Untracked 
|  58|0x0000000083a00000, 0x0000000083b00000, 0x0000000083b00000|100%| O|  |TAMS 0x0000000083b00000, 0x0000000083a00000| Untracked 
|  59|0x0000000083b00000, 0x0000000083c00000, 0x0000000083c00000|100%| O|  |TAMS 0x0000000083c00000, 0x0000000083b00000| Untracked 
|  60|0x0000000083c00000, 0x0000000083d00000, 0x0000000083d00000|100%| O|  |TAMS 0x0000000083d00000, 0x0000000083c00000| Untracked 
|  61|0x0000000083d00000, 0x0000000083e00000, 0x0000000083e00000|100%| O|  |TAMS 0x0000000083e00000, 0x0000000083d00000| Complete 
|  62|0x0000000083e00000, 0x0000000083f00000, 0x0000000083f00000|100%| O|  |TAMS 0x0000000083f00000, 0x0000000083e00000| Untracked 
|  63|0x0000000083f00000, 0x0000000084000000, 0x0000000084000000|100%| O|  |TAMS 0x0000000084000000, 0x0000000083f00000| Untracked 
|  64|0x0000000084000000, 0x0000000084100000, 0x0000000084100000|100%| O|  |TAMS 0x0000000084100000, 0x0000000084000000| Untracked 
|  65|0x0000000084100000, 0x0000000084200000, 0x0000000084200000|100%| O|  |TAMS 0x0000000084200000, 0x0000000084100000| Complete 
|  66|0x0000000084200000, 0x0000000084300000, 0x0000000084300000|100%| O|  |TAMS 0x0000000084300000, 0x0000000084200000| Complete 
|  67|0x0000000084300000, 0x0000000084400000, 0x0000000084400000|100%| O|  |TAMS 0x0000000084400000, 0x0000000084300000| Complete 
|  68|0x0000000084400000, 0x0000000084500000, 0x0000000084500000|100%| O|  |TAMS 0x0000000084500000, 0x0000000084400000| Untracked 
|  69|0x0000000084500000, 0x0000000084600000, 0x0000000084600000|100%| O|  |TAMS 0x0000000084600000, 0x0000000084500000| Untracked 
|  70|0x0000000084600000, 0x0000000084700000, 0x0000000084700000|100%| O|  |TAMS 0x0000000084700000, 0x0000000084600000| Untracked 
|  71|0x0000000084700000, 0x0000000084800000, 0x0000000084800000|100%| O|  |TAMS 0x0000000084800000, 0x0000000084700000| Complete 
|  72|0x0000000084800000, 0x0000000084900000, 0x0000000084900000|100%| O|  |TAMS 0x0000000084900000, 0x0000000084800000| Untracked 
|  73|0x0000000084900000, 0x0000000084a00000, 0x0000000084a00000|100%|HS|  |TAMS 0x0000000084a00000, 0x0000000084900000| Complete 
|  74|0x0000000084a00000, 0x0000000084b00000, 0x0000000084b00000|100%|HC|  |TAMS 0x0000000084b00000, 0x0000000084a00000| Complete 
|  75|0x0000000084b00000, 0x0000000084c00000, 0x0000000084c00000|100%|HS|  |TAMS 0x0000000084c00000, 0x0000000084b00000| Complete 
|  76|0x0000000084c00000, 0x0000000084d00000, 0x0000000084d00000|100%|HC|  |TAMS 0x0000000084d00000, 0x0000000084c00000| Complete 
|  77|0x0000000084d00000, 0x0000000084e00000, 0x0000000084e00000|100%|HC|  |TAMS 0x0000000084e00000, 0x0000000084d00000| Complete 
|  78|0x0000000084e00000, 0x0000000084f00000, 0x0000000084f00000|100%|HS|  |TAMS 0x0000000084f00000, 0x0000000084e00000| Complete 
|  79|0x0000000084f00000, 0x0000000085000000, 0x0000000085000000|100%| O|  |TAMS 0x0000000085000000, 0x0000000084f00000| Complete 
|  80|0x0000000085000000, 0x0000000085100000, 0x0000000085100000|100%| O|  |TAMS 0x0000000085100000, 0x0000000085000000| Untracked 
|  81|0x0000000085100000, 0x0000000085200000, 0x0000000085200000|100%| O|  |TAMS 0x0000000085200000, 0x0000000085100000| Complete 
|  82|0x0000000085200000, 0x0000000085300000, 0x0000000085300000|100%| O|  |TAMS 0x0000000085300000, 0x0000000085200000| Untracked 
|  83|0x0000000085300000, 0x0000000085400000, 0x0000000085400000|100%| O|  |TAMS 0x0000000085400000, 0x0000000085300000| Complete 
|  84|0x0000000085400000, 0x0000000085500000, 0x0000000085500000|100%|HS|  |TAMS 0x0000000085500000, 0x0000000085400000| Complete 
|  85|0x0000000085500000, 0x0000000085600000, 0x0000000085600000|100%|HC|  |TAMS 0x0000000085600000, 0x0000000085500000| Complete 
|  86|0x0000000085600000, 0x0000000085700000, 0x0000000085700000|100%|HC|  |TAMS 0x0000000085700000, 0x0000000085600000| Complete 
|  87|0x0000000085700000, 0x0000000085800000, 0x0000000085800000|100%|HC|  |TAMS 0x0000000085800000, 0x0000000085700000| Complete 
|  88|0x0000000085800000, 0x0000000085900000, 0x0000000085900000|100%| O|  |TAMS 0x0000000085900000, 0x0000000085800000| Untracked 
|  89|0x0000000085900000, 0x0000000085a00000, 0x0000000085a00000|100%| O|  |TAMS 0x0000000085a00000, 0x0000000085900000| Untracked 
|  90|0x0000000085a00000, 0x0000000085b00000, 0x0000000085b00000|100%| O|  |TAMS 0x0000000085b00000, 0x0000000085a00000| Complete 
|  91|0x0000000085b00000, 0x0000000085c00000, 0x0000000085c00000|100%| O|  |TAMS 0x0000000085c00000, 0x0000000085b00000| Complete 
|  92|0x0000000085c00000, 0x0000000085d00000, 0x0000000085d00000|100%| O|  |TAMS 0x0000000085d00000, 0x0000000085c00000| Untracked 
|  93|0x0000000085d00000, 0x0000000085e00000, 0x0000000085e00000|100%| O|  |TAMS 0x0000000085e00000, 0x0000000085d00000| Complete 
|  94|0x0000000085e00000, 0x0000000085f00000, 0x0000000085f00000|100%| O|  |TAMS 0x0000000085f00000, 0x0000000085e00000| Complete 
|  95|0x0000000085f00000, 0x0000000086000000, 0x0000000086000000|100%| O|  |TAMS 0x0000000086000000, 0x0000000085f00000| Complete 
|  96|0x0000000086000000, 0x0000000086100000, 0x0000000086100000|100%| O|  |TAMS 0x0000000086100000, 0x0000000086000000| Untracked 
|  97|0x0000000086100000, 0x0000000086200000, 0x0000000086200000|100%| O|  |TAMS 0x0000000086200000, 0x0000000086100000| Untracked 
|  98|0x0000000086200000, 0x0000000086300000, 0x0000000086300000|100%| O|  |TAMS 0x0000000086300000, 0x0000000086200000| Complete 
|  99|0x0000000086300000, 0x0000000086400000, 0x0000000086400000|100%| O|  |TAMS 0x0000000086400000, 0x0000000086300000| Complete 
| 100|0x0000000086400000, 0x0000000086500000, 0x0000000086500000|100%| O|  |TAMS 0x0000000086500000, 0x0000000086400000| Untracked 
| 101|0x0000000086500000, 0x0000000086600000, 0x0000000086600000|100%| O|  |TAMS 0x0000000086600000, 0x0000000086500000| Untracked 
| 102|0x0000000086600000, 0x0000000086700000, 0x0000000086700000|100%| O|  |TAMS 0x0000000086700000, 0x0000000086600000| Complete 
| 103|0x0000000086700000, 0x0000000086800000, 0x0000000086800000|100%| O|  |TAMS 0x0000000086800000, 0x0000000086700000| Complete 
| 104|0x0000000086800000, 0x0000000086900000, 0x0000000086900000|100%| O|  |TAMS 0x0000000086900000, 0x0000000086800000| Complete 
| 105|0x0000000086900000, 0x0000000086a00000, 0x0000000086a00000|100%| O|  |TAMS 0x0000000086a00000, 0x0000000086900000| Untracked 
| 106|0x0000000086a00000, 0x0000000086b00000, 0x0000000086b00000|100%| O|  |TAMS 0x0000000086b00000, 0x0000000086a00000| Untracked 
| 107|0x0000000086b00000, 0x0000000086c00000, 0x0000000086c00000|100%| O|  |TAMS 0x0000000086c00000, 0x0000000086b00000| Complete 
| 108|0x0000000086c00000, 0x0000000086d00000, 0x0000000086d00000|100%| O|  |TAMS 0x0000000086d00000, 0x0000000086c00000| Untracked 
| 109|0x0000000086d00000, 0x0000000086e00000, 0x0000000086e00000|100%| O|  |TAMS 0x0000000086e00000, 0x0000000086d00000| Untracked 
| 110|0x0000000086e00000, 0x0000000086f00000, 0x0000000086f00000|100%| O|  |TAMS 0x0000000086f00000, 0x0000000086e00000| Untracked 
| 111|0x0000000086f00000, 0x0000000087000000, 0x0000000087000000|100%| O|  |TAMS 0x0000000087000000, 0x0000000086f00000| Untracked 
| 112|0x0000000087000000, 0x0000000087100000, 0x0000000087100000|100%| O|  |TAMS 0x0000000087100000, 0x0000000087000000| Complete 
| 113|0x0000000087100000, 0x0000000087200000, 0x0000000087200000|100%| O|  |TAMS 0x0000000087200000, 0x0000000087100000| Complete 
| 114|0x0000000087200000, 0x0000000087300000, 0x0000000087300000|100%| O|  |TAMS 0x0000000087300000, 0x0000000087200000| Complete 
| 115|0x0000000087300000, 0x0000000087400000, 0x0000000087400000|100%| O|  |TAMS 0x0000000087400000, 0x0000000087300000| Complete 
| 116|0x0000000087400000, 0x0000000087500000, 0x0000000087500000|100%| O|  |TAMS 0x0000000087500000, 0x0000000087400000| Complete 
| 117|0x0000000087500000, 0x0000000087600000, 0x0000000087600000|100%| O|  |TAMS 0x0000000087600000, 0x0000000087500000| Untracked 
| 118|0x0000000087600000, 0x0000000087700000, 0x0000000087700000|100%| O|  |TAMS 0x0000000087700000, 0x0000000087600000| Complete 
| 119|0x0000000087700000, 0x0000000087800000, 0x0000000087800000|100%| O|  |TAMS 0x0000000087800000, 0x0000000087700000| Complete 
| 120|0x0000000087800000, 0x0000000087900000, 0x0000000087900000|100%| O|  |TAMS 0x0000000087900000, 0x0000000087800000| Untracked 
| 121|0x0000000087900000, 0x0000000087a00000, 0x0000000087a00000|100%| O|  |TAMS 0x0000000087a00000, 0x0000000087900000| Untracked 
| 122|0x0000000087a00000, 0x0000000087b00000, 0x0000000087b00000|100%| O|  |TAMS 0x0000000087b00000, 0x0000000087a00000| Untracked 
| 123|0x0000000087b00000, 0x0000000087c00000, 0x0000000087c00000|100%| O|  |TAMS 0x0000000087c00000, 0x0000000087b00000| Untracked 
| 124|0x0000000087c00000, 0x0000000087c1c800, 0x0000000087d00000| 11%| O|  |TAMS 0x0000000087c1c800, 0x0000000087c00000| Untracked 
| 125|0x0000000087d00000, 0x0000000087d00000, 0x0000000087e00000|  0%| F|  |TAMS 0x0000000087d00000, 0x0000000087d00000| Untracked 
| 126|0x0000000087e00000, 0x0000000087e00000, 0x0000000087f00000|  0%| F|  |TAMS 0x0000000087e00000, 0x0000000087e00000| Untracked 
| 127|0x0000000087f00000, 0x0000000087f00000, 0x0000000088000000|  0%| F|  |TAMS 0x0000000087f00000, 0x0000000087f00000| Untracked 
| 128|0x0000000088000000, 0x0000000088000000, 0x0000000088100000|  0%| F|  |TAMS 0x0000000088000000, 0x0000000088000000| Untracked 
| 129|0x0000000088100000, 0x0000000088100000, 0x0000000088200000|  0%| F|  |TAMS 0x0000000088100000, 0x0000000088100000| Untracked 
| 130|0x0000000088200000, 0x0000000088200000, 0x0000000088300000|  0%| F|  |TAMS 0x0000000088200000, 0x0000000088200000| Untracked 
| 131|0x0000000088300000, 0x0000000088400000, 0x0000000088400000|100%| O|  |TAMS 0x0000000088400000, 0x0000000088300000| Untracked 
| 132|0x0000000088400000, 0x0000000088500000, 0x0000000088500000|100%| O|  |TAMS 0x0000000088500000, 0x0000000088400000| Complete 
| 133|0x0000000088500000, 0x0000000088600000, 0x0000000088600000|100%| O|  |TAMS 0x0000000088600000, 0x0000000088500000| Complete 
| 134|0x0000000088600000, 0x0000000088600000, 0x0000000088700000|  0%| F|  |TAMS 0x0000000088600000, 0x0000000088600000| Untracked 
| 135|0x0000000088700000, 0x0000000088700000, 0x0000000088800000|  0%| F|  |TAMS 0x0000000088700000, 0x0000000088700000| Untracked 
| 136|0x0000000088800000, 0x0000000088800000, 0x0000000088900000|  0%| F|  |TAMS 0x0000000088800000, 0x0000000088800000| Untracked 
| 137|0x0000000088900000, 0x0000000088900000, 0x0000000088a00000|  0%| F|  |TAMS 0x0000000088900000, 0x0000000088900000| Untracked 
| 138|0x0000000088a00000, 0x0000000088a00000, 0x0000000088b00000|  0%| F|  |TAMS 0x0000000088a00000, 0x0000000088a00000| Untracked 
| 139|0x0000000088b00000, 0x0000000088b00000, 0x0000000088c00000|  0%| F|  |TAMS 0x0000000088b00000, 0x0000000088b00000| Untracked 
| 140|0x0000000088c00000, 0x0000000088c00000, 0x0000000088d00000|  0%| F|  |TAMS 0x0000000088c00000, 0x0000000088c00000| Untracked 
| 141|0x0000000088d00000, 0x0000000088d00000, 0x0000000088e00000|  0%| F|  |TAMS 0x0000000088d00000, 0x0000000088d00000| Untracked 
| 142|0x0000000088e00000, 0x0000000088e00000, 0x0000000088f00000|  0%| F|  |TAMS 0x0000000088e00000, 0x0000000088e00000| Untracked 
| 143|0x0000000088f00000, 0x0000000088f00000, 0x0000000089000000|  0%| F|  |TAMS 0x0000000088f00000, 0x0000000088f00000| Untracked 
| 144|0x0000000089000000, 0x0000000089000000, 0x0000000089100000|  0%| F|  |TAMS 0x0000000089000000, 0x0000000089000000| Untracked 
| 145|0x0000000089100000, 0x0000000089100000, 0x0000000089200000|  0%| F|  |TAMS 0x0000000089100000, 0x0000000089100000| Untracked 
| 146|0x0000000089200000, 0x0000000089200000, 0x0000000089300000|  0%| F|  |TAMS 0x0000000089200000, 0x0000000089200000| Untracked 
| 147|0x0000000089300000, 0x0000000089300000, 0x0000000089400000|  0%| F|  |TAMS 0x0000000089300000, 0x0000000089300000| Untracked 
| 148|0x0000000089400000, 0x0000000089500000, 0x0000000089500000|100%| O|  |TAMS 0x0000000089500000, 0x0000000089400000| Complete 
| 149|0x0000000089500000, 0x0000000089500000, 0x0000000089600000|  0%| F|  |TAMS 0x0000000089500000, 0x0000000089500000| Untracked 
| 150|0x0000000089600000, 0x0000000089700000, 0x0000000089700000|100%| O|  |TAMS 0x0000000089700000, 0x0000000089600000| Complete 
| 151|0x0000000089700000, 0x0000000089700000, 0x0000000089800000|  0%| F|  |TAMS 0x0000000089700000, 0x0000000089700000| Untracked 
| 152|0x0000000089800000, 0x0000000089800000, 0x0000000089900000|  0%| F|  |TAMS 0x0000000089800000, 0x0000000089800000| Untracked 
| 153|0x0000000089900000, 0x0000000089900000, 0x0000000089a00000|  0%| F|  |TAMS 0x0000000089900000, 0x0000000089900000| Untracked 
| 154|0x0000000089a00000, 0x0000000089a00000, 0x0000000089b00000|  0%| F|  |TAMS 0x0000000089a00000, 0x0000000089a00000| Untracked 
| 155|0x0000000089b00000, 0x0000000089b00000, 0x0000000089c00000|  0%| F|  |TAMS 0x0000000089b00000, 0x0000000089b00000| Untracked 
| 156|0x0000000089c00000, 0x0000000089c00000, 0x0000000089d00000|  0%| F|  |TAMS 0x0000000089c00000, 0x0000000089c00000| Untracked 
| 157|0x0000000089d00000, 0x0000000089d00000, 0x0000000089e00000|  0%| F|  |TAMS 0x0000000089d00000, 0x0000000089d00000| Untracked 
| 158|0x0000000089e00000, 0x0000000089e00000, 0x0000000089f00000|  0%| F|  |TAMS 0x0000000089e00000, 0x0000000089e00000| Untracked 
| 159|0x0000000089f00000, 0x0000000089f00000, 0x000000008a000000|  0%| F|  |TAMS 0x0000000089f00000, 0x0000000089f00000| Untracked 
| 160|0x000000008a000000, 0x000000008a000000, 0x000000008a100000|  0%| F|  |TAMS 0x000000008a000000, 0x000000008a000000| Untracked 
| 161|0x000000008a100000, 0x000000008a100000, 0x000000008a200000|  0%| F|  |TAMS 0x000000008a100000, 0x000000008a100000| Untracked 
| 162|0x000000008a200000, 0x000000008a200000, 0x000000008a300000|  0%| F|  |TAMS 0x000000008a200000, 0x000000008a200000| Untracked 
| 163|0x000000008a300000, 0x000000008a300000, 0x000000008a400000|  0%| F|  |TAMS 0x000000008a300000, 0x000000008a300000| Untracked 
| 164|0x000000008a400000, 0x000000008a400000, 0x000000008a500000|  0%| F|  |TAMS 0x000000008a400000, 0x000000008a400000| Untracked 
| 165|0x000000008a500000, 0x000000008a500000, 0x000000008a600000|  0%| F|  |TAMS 0x000000008a500000, 0x000000008a500000| Untracked 
| 166|0x000000008a600000, 0x000000008a600000, 0x000000008a700000|  0%| F|  |TAMS 0x000000008a600000, 0x000000008a600000| Untracked 
| 167|0x000000008a700000, 0x000000008a700000, 0x000000008a800000|  0%| F|  |TAMS 0x000000008a700000, 0x000000008a700000| Untracked 
| 168|0x000000008a800000, 0x000000008a800000, 0x000000008a900000|  0%| F|  |TAMS 0x000000008a800000, 0x000000008a800000| Untracked 
| 169|0x000000008a900000, 0x000000008a900000, 0x000000008aa00000|  0%| F|  |TAMS 0x000000008a900000, 0x000000008a900000| Untracked 
| 170|0x000000008aa00000, 0x000000008aa00000, 0x000000008ab00000|  0%| F|  |TAMS 0x000000008aa00000, 0x000000008aa00000| Untracked 
| 171|0x000000008ab00000, 0x000000008ab00000, 0x000000008ac00000|  0%| F|  |TAMS 0x000000008ab00000, 0x000000008ab00000| Untracked 
| 172|0x000000008ac00000, 0x000000008ac00000, 0x000000008ad00000|  0%| F|  |TAMS 0x000000008ac00000, 0x000000008ac00000| Untracked 
| 173|0x000000008ad00000, 0x000000008ad00000, 0x000000008ae00000|  0%| F|  |TAMS 0x000000008ad00000, 0x000000008ad00000| Untracked 
| 174|0x000000008ae00000, 0x000000008ae42710, 0x000000008af00000| 25%| S|CS|TAMS 0x000000008ae00000, 0x000000008ae00000| Complete 
| 175|0x000000008af00000, 0x000000008b000000, 0x000000008b000000|100%| S|CS|TAMS 0x000000008af00000, 0x000000008af00000| Complete 
| 176|0x000000008b000000, 0x000000008b100000, 0x000000008b100000|100%| S|CS|TAMS 0x000000008b000000, 0x000000008b000000| Complete 
| 177|0x000000008b100000, 0x000000008b200000, 0x000000008b200000|100%| S|CS|TAMS 0x000000008b100000, 0x000000008b100000| Complete 
| 178|0x000000008b200000, 0x000000008b200000, 0x000000008b300000|  0%| F|  |TAMS 0x000000008b200000, 0x000000008b200000| Untracked 
| 179|0x000000008b300000, 0x000000008b300000, 0x000000008b400000|  0%| F|  |TAMS 0x000000008b300000, 0x000000008b300000| Untracked 
| 180|0x000000008b400000, 0x000000008b400000, 0x000000008b500000|  0%| F|  |TAMS 0x000000008b400000, 0x000000008b400000| Untracked 
| 181|0x000000008b500000, 0x000000008b500000, 0x000000008b600000|  0%| F|  |TAMS 0x000000008b500000, 0x000000008b500000| Untracked 
| 182|0x000000008b600000, 0x000000008b600000, 0x000000008b700000|  0%| F|  |TAMS 0x000000008b600000, 0x000000008b600000| Untracked 
| 183|0x000000008b700000, 0x000000008b700000, 0x000000008b800000|  0%| F|  |TAMS 0x000000008b700000, 0x000000008b700000| Untracked 
| 184|0x000000008b800000, 0x000000008b800000, 0x000000008b900000|  0%| F|  |TAMS 0x000000008b800000, 0x000000008b800000| Untracked 
| 185|0x000000008b900000, 0x000000008b900000, 0x000000008ba00000|  0%| F|  |TAMS 0x000000008b900000, 0x000000008b900000| Untracked 
| 186|0x000000008ba00000, 0x000000008ba00000, 0x000000008bb00000|  0%| F|  |TAMS 0x000000008ba00000, 0x000000008ba00000| Untracked 
| 187|0x000000008bb00000, 0x000000008bb00000, 0x000000008bc00000|  0%| F|  |TAMS 0x000000008bb00000, 0x000000008bb00000| Untracked 
| 188|0x000000008bc00000, 0x000000008bc00000, 0x000000008bd00000|  0%| F|  |TAMS 0x000000008bc00000, 0x000000008bc00000| Untracked 
| 189|0x000000008bd00000, 0x000000008bd00000, 0x000000008be00000|  0%| F|  |TAMS 0x000000008bd00000, 0x000000008bd00000| Untracked 
| 190|0x000000008be00000, 0x000000008be00000, 0x000000008bf00000|  0%| F|  |TAMS 0x000000008be00000, 0x000000008be00000| Untracked 
| 191|0x000000008bf00000, 0x000000008bf00000, 0x000000008c000000|  0%| F|  |TAMS 0x000000008bf00000, 0x000000008bf00000| Untracked 
| 192|0x000000008c000000, 0x000000008c000000, 0x000000008c100000|  0%| F|  |TAMS 0x000000008c000000, 0x000000008c000000| Untracked 
| 193|0x000000008c100000, 0x000000008c100000, 0x000000008c200000|  0%| F|  |TAMS 0x000000008c100000, 0x000000008c100000| Untracked 
| 194|0x000000008c200000, 0x000000008c200000, 0x000000008c300000|  0%| F|  |TAMS 0x000000008c200000, 0x000000008c200000| Untracked 
| 195|0x000000008c300000, 0x000000008c300000, 0x000000008c400000|  0%| F|  |TAMS 0x000000008c300000, 0x000000008c300000| Untracked 
| 196|0x000000008c400000, 0x000000008c400000, 0x000000008c500000|  0%| F|  |TAMS 0x000000008c400000, 0x000000008c400000| Untracked 
| 197|0x000000008c500000, 0x000000008c500000, 0x000000008c600000|  0%| F|  |TAMS 0x000000008c500000, 0x000000008c500000| Untracked 
| 198|0x000000008c600000, 0x000000008c600000, 0x000000008c700000|  0%| F|  |TAMS 0x000000008c600000, 0x000000008c600000| Untracked 
| 199|0x000000008c700000, 0x000000008c700000, 0x000000008c800000|  0%| F|  |TAMS 0x000000008c700000, 0x000000008c700000| Untracked 
| 200|0x000000008c800000, 0x000000008c800000, 0x000000008c900000|  0%| F|  |TAMS 0x000000008c800000, 0x000000008c800000| Untracked 
| 201|0x000000008c900000, 0x000000008c900000, 0x000000008ca00000|  0%| F|  |TAMS 0x000000008c900000, 0x000000008c900000| Untracked 
| 202|0x000000008ca00000, 0x000000008cac8a38, 0x000000008cb00000| 78%| E|  |TAMS 0x000000008ca00000, 0x000000008ca00000| Complete 
| 203|0x000000008cb00000, 0x000000008cc00000, 0x000000008cc00000|100%| E|CS|TAMS 0x000000008cb00000, 0x000000008cb00000| Complete 
| 204|0x000000008cc00000, 0x000000008cd00000, 0x000000008cd00000|100%| E|CS|TAMS 0x000000008cc00000, 0x000000008cc00000| Complete 
| 205|0x000000008cd00000, 0x000000008ce00000, 0x000000008ce00000|100%| E|CS|TAMS 0x000000008cd00000, 0x000000008cd00000| Complete 
| 206|0x000000008ce00000, 0x000000008cf00000, 0x000000008cf00000|100%| E|CS|TAMS 0x000000008ce00000, 0x000000008ce00000| Complete 
| 207|0x000000008cf00000, 0x000000008d000000, 0x000000008d000000|100%| E|CS|TAMS 0x000000008cf00000, 0x000000008cf00000| Complete 
| 208|0x000000008d000000, 0x000000008d100000, 0x000000008d100000|100%| E|CS|TAMS 0x000000008d000000, 0x000000008d000000| Complete 
| 209|0x000000008d100000, 0x000000008d200000, 0x000000008d200000|100%| E|CS|TAMS 0x000000008d100000, 0x000000008d100000| Complete 
| 210|0x000000008d200000, 0x000000008d300000, 0x000000008d300000|100%| E|CS|TAMS 0x000000008d200000, 0x000000008d200000| Complete 
| 211|0x000000008d300000, 0x000000008d400000, 0x000000008d400000|100%| E|  |TAMS 0x000000008d300000, 0x000000008d300000| Complete 
| 212|0x000000008d400000, 0x000000008d500000, 0x000000008d500000|100%| E|CS|TAMS 0x000000008d400000, 0x000000008d400000| Complete 
| 213|0x000000008d500000, 0x000000008d600000, 0x000000008d600000|100%| E|CS|TAMS 0x000000008d500000, 0x000000008d500000| Complete 
| 214|0x000000008d600000, 0x000000008d700000, 0x000000008d700000|100%| E|CS|TAMS 0x000000008d600000, 0x000000008d600000| Complete 
| 215|0x000000008d700000, 0x000000008d800000, 0x000000008d800000|100%| E|CS|TAMS 0x000000008d700000, 0x000000008d700000| Complete 
| 216|0x000000008d800000, 0x000000008d900000, 0x000000008d900000|100%| E|CS|TAMS 0x000000008d800000, 0x000000008d800000| Complete 
| 217|0x000000008d900000, 0x000000008da00000, 0x000000008da00000|100%| E|CS|TAMS 0x000000008d900000, 0x000000008d900000| Complete 
| 218|0x000000008da00000, 0x000000008db00000, 0x000000008db00000|100%| E|CS|TAMS 0x000000008da00000, 0x000000008da00000| Complete 
| 219|0x000000008db00000, 0x000000008dc00000, 0x000000008dc00000|100%| E|CS|TAMS 0x000000008db00000, 0x000000008db00000| Complete 

Card table byte_map: [0x00000289ddcf0000,0x00000289de0f0000] _byte_map_base: 0x00000289dd8f0000

Marking Bits (Prev, Next): (CMBitMap*) 0x00000289ca7fdfe8, (CMBitMap*) 0x00000289ca7fe020
 Prev Bits: [0x00000289de4f0000, 0x00000289e04f0000)
 Next Bits: [0x00000289e04f0000, 0x00000289e24f0000)

Polling page: 0x00000289c8f00000

Metaspace:

Usage:
  Non-class:     98.61 MB capacity,    96.66 MB ( 98%) used,     1.63 MB (  2%) free+waste,   327.25 KB ( <1%) overhead. 
      Class:     14.74 MB capacity,    13.73 MB ( 93%) used,   890.41 KB (  6%) free+waste,   144.19 KB ( <1%) overhead. 
       Both:    113.34 MB capacity,   110.38 MB ( 97%) used,     2.50 MB (  2%) free+waste,   471.44 KB ( <1%) overhead. 

Virtual space:
  Non-class space:      100.00 MB reserved,      98.63 MB ( 99%) committed 
      Class space:        1.00 GB reserved,      14.82 MB (  1%) committed 
             Both:        1.10 GB reserved,     113.46 MB ( 10%) committed 

Chunk freelists:
   Non-Class:  28.00 KB
       Class:  14.00 KB
        Both:  42.00 KB

MaxMetaspaceSize: 17179869184.00 GB
CompressedClassSpaceSize: 1.00 GB
Initial GC threshold: 20.80 MB
Current GC threshold: 188.05 MB
CDS: off

CodeHeap 'non-profiled nmethods': size=120064Kb used=9361Kb max_used=9361Kb free=110702Kb
 bounds [0x00000289d5d90000, 0x00000289d66c0000, 0x00000289dd2d0000]
CodeHeap 'profiled nmethods': size=120000Kb used=32243Kb max_used=32243Kb free=87756Kb
 bounds [0x00000289ce860000, 0x00000289d07e0000, 0x00000289d5d90000]
CodeHeap 'non-nmethods': size=5696Kb used=2438Kb max_used=2488Kb free=3257Kb
 bounds [0x00000289ce2d0000, 0x00000289ce550000, 0x00000289ce860000]
 total_blobs=15135 nmethods=14175 adapters=872
 compilation: enabled
              stopped_count=0, restarted_count=0
 full_count=0

Compilation events (20 events):
Event: 578.390 Thread 0x00000289e5340800 nmethod 14279 0x00000289d07d9b90 code [0x00000289d07d9da0, 0x00000289d07da288]
Event: 578.409 Thread 0x00000289e533d800 14280       4       java.io.File::getAbsolutePath (8 bytes)
Event: 578.410 Thread 0x00000289e533d800 nmethod 14280 0x00000289d66b2810 code [0x00000289d66b29c0, 0x00000289d66b2a48]
Event: 578.426 Thread 0x00000289e533d800 14281   !   4       java.io.BufferedWriter::write (117 bytes)
Event: 578.432 Thread 0x00000289e5340800 14283   !   3       java.io.BufferedWriter::write (55 bytes)
Event: 578.432 Thread 0x00000289e5340800 nmethod 14283 0x00000289d07da490 code [0x00000289d07da680, 0x00000289d07dab78]
Event: 578.438 Thread 0x00000289e533d800 nmethod 14281 0x00000289d66b2b10 code [0x00000289d66b2ce0, 0x00000289d66b3648]
Event: 578.438 Thread 0x00000289e533d800 14282       4       java.io.Writer::write (11 bytes)
Event: 578.440 Thread 0x00000289e533d800 nmethod 14282 0x00000289d66b3b10 code [0x00000289d66b3cc0, 0x00000289d66b3d88]
Event: 578.561 Thread 0x00000289e533d800 14284       4       java.util.ArrayList$ArrayListSpliterator::forEachRemaining (127 bytes)
Event: 578.566 Thread 0x00000289e533d800 nmethod 14284 0x00000289d66b3f10 code [0x00000289d66b40c0, 0x00000289d66b42b8]
Event: 581.172 Thread 0x00000289e5340800 14285       3       com.sun.jmx.interceptor.DefaultMBeanServerInterceptor::nonDefaultDomain (32 bytes)
Event: 581.173 Thread 0x00000289e5340800 nmethod 14285 0x00000289d07dae10 code [0x00000289d07db040, 0x00000289d07db6f8]
Event: 581.173 Thread 0x00000289e5340800 14286       3       javax.management.ObjectName::getCanonicalKeyPropertyListString (44 bytes)
Event: 581.173 Thread 0x00000289e5340800 nmethod 14286 0x00000289d07dba90 code [0x00000289d07dbc80, 0x00000289d07dc0a8]
Event: 581.173 Thread 0x00000289e5340800 14287       3       com.sun.jmx.mbeanserver.JmxMBeanServer::cloneObjectName (11 bytes)
Event: 581.174 Thread 0x00000289e5340800 nmethod 14287 0x00000289d07dc290 code [0x00000289d07dc4c0, 0x00000289d07dca78]
Event: 582.278 Thread 0x00000289e533d800 14288       4       java.util.concurrent.LinkedBlockingDeque$Itr::nextNode (5 bytes)
Event: 582.281 Thread 0x00000289e533d800 nmethod 14288 0x00000289d66b4490 code [0x00000289d66b4620, 0x00000289d66b4698]
Event: 586.079 Thread 0x00000289e533d800 14289       4       java.util.concurrent.locks.AbstractQueuedSynchronizer$ConditionObject::awaitNanos (181 bytes)

GC Heap History (20 events):
Event: 17.995 GC heap before
{Heap before GC invocations=23 (full 0):
 garbage-first heap   total 225280K, used 180430K [0x0000000080000000, 0x0000000100000000)
  region size 1024K, 82 young (83968K), 9 survivors (9216K)
 Metaspace       used 94403K, capacity 96760K, committed 96852K, reserved 1132544K
  class space    used 12100K, capacity 12968K, committed 13004K, reserved 1048576K
}
Event: 18.014 GC heap after
{Heap after GC invocations=24 (full 0):
 garbage-first heap   total 225280K, used 111232K [0x0000000080000000, 0x0000000100000000)
  region size 1024K, 10 young (10240K), 10 survivors (10240K)
 Metaspace       used 94403K, capacity 96760K, committed 96852K, reserved 1132544K
  class space    used 12100K, capacity 12968K, committed 13004K, reserved 1048576K
}
Event: 19.838 GC heap before
{Heap before GC invocations=24 (full 0):
 garbage-first heap   total 225280K, used 181888K [0x0000000080000000, 0x0000000100000000)
  region size 1024K, 80 young (81920K), 10 survivors (10240K)
 Metaspace       used 97686K, capacity 100375K, committed 100692K, reserved 1136640K
  class space    used 12420K, capacity 13395K, committed 13516K, reserved 1048576K
}
Event: 19.862 GC heap after
{Heap after GC invocations=25 (full 0):
 garbage-first heap   total 225280K, used 115322K [0x0000000080000000, 0x0000000100000000)
  region size 1024K, 5 young (5120K), 5 survivors (5120K)
 Metaspace       used 97686K, capacity 100375K, committed 100692K, reserved 1136640K
  class space    used 12420K, capacity 13395K, committed 13516K, reserved 1048576K
}
Event: 569.264 GC heap before
{Heap before GC invocations=26 (full 0):
 garbage-first heap   total 225280K, used 184954K [0x0000000080000000, 0x0000000100000000)
  region size 1024K, 74 young (75776K), 5 survivors (5120K)
 Metaspace       used 101747K, capacity 104522K, committed 104788K, reserved 1140736K
  class space    used 12718K, capacity 13707K, committed 13772K, reserved 1048576K
}
Event: 569.280 GC heap after
{Heap after GC invocations=27 (full 0):
 garbage-first heap   total 225280K, used 120212K [0x0000000080000000, 0x0000000100000000)
  region size 1024K, 10 young (10240K), 10 survivors (10240K)
 Metaspace       used 101747K, capacity 104522K, committed 104788K, reserved 1140736K
  class space    used 12718K, capacity 13707K, committed 13772K, reserved 1048576K
}
Event: 570.703 GC heap before
{Heap before GC invocations=27 (full 0):
 garbage-first heap   total 225280K, used 157076K [0x0000000080000000, 0x0000000100000000)
  region size 1024K, 48 young (49152K), 10 survivors (10240K)
 Metaspace       used 103207K, capacity 106052K, committed 106324K, reserved 1142784K
  class space    used 12934K, capacity 13946K, committed 14028K, reserved 1048576K
}
Event: 570.738 GC heap after
{Heap after GC invocations=28 (full 0):
 garbage-first heap   total 225280K, used 123137K [0x0000000080000000, 0x0000000100000000)
  region size 1024K, 4 young (4096K), 4 survivors (4096K)
 Metaspace       used 103207K, capacity 106052K, committed 106324K, reserved 1142784K
  class space    used 12934K, capacity 13946K, committed 14028K, reserved 1048576K
}
Event: 571.675 GC heap before
{Heap before GC invocations=29 (full 0):
 garbage-first heap   total 225280K, used 167169K [0x0000000080000000, 0x0000000100000000)
  region size 1024K, 47 young (48128K), 4 survivors (4096K)
 Metaspace       used 104452K, capacity 107315K, committed 107476K, reserved 1142784K
  class space    used 13063K, capacity 14093K, committed 14156K, reserved 1048576K
}
Event: 571.742 GC heap after
{Heap after GC invocations=30 (full 0):
 garbage-first heap   total 225280K, used 143076K [0x0000000080000000, 0x0000000100000000)
  region size 1024K, 8 young (8192K), 8 survivors (8192K)
 Metaspace       used 104452K, capacity 107315K, committed 107476K, reserved 1142784K
  class space    used 13063K, capacity 14093K, committed 14156K, reserved 1048576K
}
Event: 573.564 GC heap before
{Heap before GC invocations=31 (full 0):
 garbage-first heap   total 225280K, used 194276K [0x0000000080000000, 0x0000000100000000)
  region size 1024K, 44 young (45056K), 8 survivors (8192K)
 Metaspace       used 108229K, capacity 111185K, committed 111572K, reserved 1146880K
  class space    used 13486K, capacity 14535K, committed 14668K, reserved 1048576K
}
Event: 573.582 GC heap after
{Heap after GC invocations=32 (full 0):
 garbage-first heap   total 225280K, used 145374K [0x0000000080000000, 0x0000000100000000)
  region size 1024K, 2 young (2048K), 2 survivors (2048K)
 Metaspace       used 108229K, capacity 111185K, committed 111572K, reserved 1146880K
  class space    used 13486K, capacity 14535K, committed 14668K, reserved 1048576K
}
Event: 574.519 GC heap before
{Heap before GC invocations=32 (full 0):
 garbage-first heap   total 225280K, used 182238K [0x0000000080000000, 0x0000000100000000)
  region size 1024K, 39 young (39936K), 2 survivors (2048K)
 Metaspace       used 110940K, capacity 113917K, committed 114132K, reserved 1148928K
  class space    used 13850K, capacity 14890K, committed 14924K, reserved 1048576K
}
Event: 574.525 GC heap after
{Heap after GC invocations=33 (full 0):
 garbage-first heap   total 225280K, used 145252K [0x0000000080000000, 0x0000000100000000)
  region size 1024K, 2 young (2048K), 2 survivors (2048K)
 Metaspace       used 110940K, capacity 113917K, committed 114132K, reserved 1148928K
  class space    used 13850K, capacity 14890K, committed 14924K, reserved 1048576K
}
Event: 576.479 GC heap before
{Heap before GC invocations=34 (full 0):
 garbage-first heap   total 225280K, used 175972K [0x0000000080000000, 0x0000000100000000)
  region size 1024K, 40 young (40960K), 2 survivors (2048K)
 Metaspace       used 112187K, capacity 115080K, committed 115284K, reserved 1148928K
  class space    used 13970K, capacity 14993K, committed 15052K, reserved 1048576K
}
Event: 576.497 GC heap after
{Heap after GC invocations=35 (full 0):
 garbage-first heap   total 225280K, used 141462K [0x0000000080000000, 0x0000000100000000)
  region size 1024K, 5 young (5120K), 5 survivors (5120K)
 Metaspace       used 112187K, capacity 115080K, committed 115284K, reserved 1148928K
  class space    used 13970K, capacity 14993K, committed 15052K, reserved 1048576K
}
Event: 576.696 GC heap before
{Heap before GC invocations=35 (full 0):
 garbage-first heap   total 225280K, used 146582K [0x0000000080000000, 0x0000000100000000)
  region size 1024K, 11 young (11264K), 5 survivors (5120K)
 Metaspace       used 112188K, capacity 115080K, committed 115284K, reserved 1148928K
  class space    used 13970K, capacity 14993K, committed 15052K, reserved 1048576K
}
Event: 576.712 GC heap after
{Heap after GC invocations=36 (full 0):
 garbage-first heap   total 225280K, used 138179K [0x0000000080000000, 0x0000000100000000)
  region size 1024K, 1 young (1024K), 1 survivors (1024K)
 Metaspace       used 112188K, capacity 115080K, committed 115284K, reserved 1148928K
  class space    used 13970K, capacity 14993K, committed 15052K, reserved 1048576K
}
Event: 577.445 GC heap before
{Heap before GC invocations=36 (full 0):
 garbage-first heap   total 225280K, used 179139K [0x0000000080000000, 0x0000000100000000)
  region size 1024K, 42 young (43008K), 1 survivors (1024K)
 Metaspace       used 112379K, capacity 115315K, committed 115540K, reserved 1150976K
  class space    used 13981K, capacity 15035K, committed 15052K, reserved 1048576K
}
Event: 577.457 GC heap after
{Heap after GC invocations=37 (full 0):
 garbage-first heap   total 225280K, used 140667K [0x0000000080000000, 0x0000000100000000)
  region size 1024K, 4 young (4096K), 4 survivors (4096K)
 Metaspace       used 112379K, capacity 115315K, committed 115540K, reserved 1150976K
  class space    used 13981K, capacity 15035K, committed 15052K, reserved 1048576K
}

Deoptimization events (20 events):
Event: 577.893 Thread 0x00000289e8097000 Uncommon trap: trap_request=0xffffffde fr.pc=0x00000289d661aee0 relative=0x0000000000004320
Event: 577.893 Thread 0x00000289e8097000 Uncommon trap: reason=class_check action=maybe_recompile pc=0x00000289d661aee0 method=org.gradle.internal.snapshot.impl.DefaultValueSnapshotter.processValue(Ljava/lang/Object;Lorg/gradle/internal/snapshot/impl/DefaultValueSnapshotter$ValueVisitor;)Ljava/l
Event: 577.893 Thread 0x00000289e8097000 DEOPT PACKING pc=0x00000289d661aee0 sp=0x000000dd5fffa120
Event: 577.893 Thread 0x00000289e8097000 DEOPT UNPACKING pc=0x00000289ce31a1af sp=0x000000dd5fffa110 mode 2
Event: 577.897 Thread 0x00000289e8097000 Uncommon trap: trap_request=0xffffffde fr.pc=0x00000289d661aee0 relative=0x0000000000004320
Event: 577.897 Thread 0x00000289e8097000 Uncommon trap: reason=class_check action=maybe_recompile pc=0x00000289d661aee0 method=org.gradle.internal.snapshot.impl.DefaultValueSnapshotter.processValue(Ljava/lang/Object;Lorg/gradle/internal/snapshot/impl/DefaultValueSnapshotter$ValueVisitor;)Ljava/l
Event: 577.897 Thread 0x00000289e8097000 DEOPT PACKING pc=0x00000289d661aee0 sp=0x000000dd5fffa420
Event: 577.897 Thread 0x00000289e8097000 DEOPT UNPACKING pc=0x00000289ce31a1af sp=0x000000dd5fffa410 mode 2
Event: 578.423 Thread 0x00000289e8096800 Uncommon trap: trap_request=0xffffffc6 fr.pc=0x00000289d657bee4 relative=0x0000000000000784
Event: 578.423 Thread 0x00000289e8096800 Uncommon trap: reason=bimorphic_or_optimized_type_check action=maybe_recompile pc=0x00000289d657bee4 method=sun.nio.cs.StreamEncoder.writeBytes()V @ 120 c2
Event: 578.423 Thread 0x00000289e8096800 DEOPT PACKING pc=0x00000289d657bee4 sp=0x000000dd603fd480
Event: 578.423 Thread 0x00000289e8096800 DEOPT UNPACKING pc=0x00000289ce31a1af sp=0x000000dd603fd468 mode 2
Event: 578.423 Thread 0x00000289e8096800 Uncommon trap: trap_request=0xffffffc6 fr.pc=0x00000289d657bee4 relative=0x0000000000000784
Event: 578.423 Thread 0x00000289e8096800 Uncommon trap: reason=bimorphic_or_optimized_type_check action=maybe_recompile pc=0x00000289d657bee4 method=sun.nio.cs.StreamEncoder.writeBytes()V @ 120 c2
Event: 578.423 Thread 0x00000289e8096800 DEOPT PACKING pc=0x00000289d657bee4 sp=0x000000dd603fd480
Event: 578.423 Thread 0x00000289e8096800 DEOPT UNPACKING pc=0x00000289ce31a1af sp=0x000000dd603fd468 mode 2
Event: 578.424 Thread 0x00000289e8096800 Uncommon trap: trap_request=0xffffffc6 fr.pc=0x00000289d657bee4 relative=0x0000000000000784
Event: 578.424 Thread 0x00000289e8096800 Uncommon trap: reason=bimorphic_or_optimized_type_check action=maybe_recompile pc=0x00000289d657bee4 method=sun.nio.cs.StreamEncoder.writeBytes()V @ 120 c2
Event: 578.424 Thread 0x00000289e8096800 DEOPT PACKING pc=0x00000289d657bee4 sp=0x000000dd603fd480
Event: 578.424 Thread 0x00000289e8096800 DEOPT UNPACKING pc=0x00000289ce31a1af sp=0x000000dd603fd468 mode 2

Classes redefined (0 events):
No events

Internal exceptions (20 events):
Event: 569.588 Thread 0x00000289eb852800 Implicit null exception at 0x00000289d609aaf7 to 0x00000289d609ac90
Event: 571.960 Thread 0x00000289e8092800 Exception <a 'java/lang/NoSuchMethodError'{0x000000008d9ec830}: <clinit>> (0x000000008d9ec830) thrown at [./src/hotspot/share/prims/jni.cpp, line 1365]
Event: 571.967 Thread 0x00000289e8092800 Exception <a 'java/lang/NoSuchMethodError'{0x000000008d83e830}: <clinit>> (0x000000008d83e830) thrown at [./src/hotspot/share/prims/jni.cpp, line 1365]
Event: 571.970 Thread 0x00000289e8092800 Exception <a 'java/lang/NoSuchMethodError'{0x000000008d863fa0}: <clinit>> (0x000000008d863fa0) thrown at [./src/hotspot/share/prims/jni.cpp, line 1365]
Event: 572.116 Thread 0x00000289eb852800 Exception <a 'sun/nio/fs/WindowsException'{0x000000008d32f6f8}> (0x000000008d32f6f8) thrown at [./src/hotspot/share/prims/jni.cpp, line 615]
Event: 572.255 Thread 0x00000289eb852800 Exception <a 'java/lang/NoSuchMethodError'{0x000000008cceb978}: 'java.lang.Object java.lang.invoke.DirectMethodHandle$Holder.newInvokeSpecial(java.lang.Object, java.lang.Object, java.lang.Object, java.lang.Object)'> (0x000000008cceb978) thrown at [./src/hotspot/share/interpreter/linkResolver.cpp, line 773]
Event: 576.298 Thread 0x00000289eb852800 Exception <a 'java/lang/NoSuchMethodError'{0x000000008b925680}: 'int java.lang.invoke.DirectMethodHandle$Holder.invokeSpecial(java.lang.Object, java.lang.Object, java.lang.Object, java.lang.Object, java.lang.Object)'> (0x000000008b925680) thrown at [./src/hotspot/share/interpreter/linkResolver.cpp, line 773]
Event: 577.335 Thread 0x00000289e8097000 Exception <a 'java/lang/NoSuchMethodError'{0x000000008be90c80}: <clinit>> (0x000000008be90c80) thrown at [./src/hotspot/share/prims/jni.cpp, line 1365]
Event: 577.335 Thread 0x00000289e8097000 Exception <a 'java/lang/NoSuchMethodError'{0x000000008be92270}: <clinit>> (0x000000008be92270) thrown at [./src/hotspot/share/prims/jni.cpp, line 1365]
Event: 577.335 Thread 0x00000289e8097000 Exception <a 'java/lang/NoSuchMethodError'{0x000000008be94e70}: <clinit>> (0x000000008be94e70) thrown at [./src/hotspot/share/prims/jni.cpp, line 1365]
Event: 577.337 Thread 0x00000289e8097000 Exception <a 'java/lang/NoSuchMethodError'{0x000000008beabd90}: <clinit>> (0x000000008beabd90) thrown at [./src/hotspot/share/prims/jni.cpp, line 1365]
Event: 577.337 Thread 0x00000289e8097000 Exception <a 'java/lang/NoSuchMethodError'{0x000000008beacfc8}: <clinit>> (0x000000008beacfc8) thrown at [./src/hotspot/share/prims/jni.cpp, line 1365]
Event: 577.896 Thread 0x00000289e8097000 Exception <a 'java/lang/NoSuchMethodError'{0x000000008ce22a48}: <clinit>> (0x000000008ce22a48) thrown at [./src/hotspot/share/prims/jni.cpp, line 1365]
Event: 577.899 Thread 0x00000289e8097000 Exception <a 'java/lang/NoSuchMethodError'{0x000000008ce53188}: <clinit>> (0x000000008ce53188) thrown at [./src/hotspot/share/prims/jni.cpp, line 1365]
Event: 577.901 Thread 0x00000289e8097000 Exception <a 'java/lang/NoSuchMethodError'{0x000000008ce65bf0}: <clinit>> (0x000000008ce65bf0) thrown at [./src/hotspot/share/prims/jni.cpp, line 1365]
Event: 577.992 Thread 0x00000289e8096800 Exception <a 'java/lang/NoSuchMethodError'{0x000000008cb1fd58}: 'void java.lang.invoke.DirectMethodHandle$Holder.invokeStatic(java.lang.Object, long)'> (0x000000008cb1fd58) thrown at [./src/hotspot/share/interpreter/linkResolver.cpp, line 773]
Event: 577.992 Thread 0x00000289e8096800 Exception <a 'java/lang/NoSuchMethodError'{0x000000008cb251c0}: 'java.lang.Object java.lang.invoke.DirectMethodHandle$Holder.invokeStatic(java.lang.Object, long)'> (0x000000008cb251c0) thrown at [./src/hotspot/share/interpreter/linkResolver.cpp, line 773]
Event: 577.995 Thread 0x00000289e8096800 Exception <a 'java/lang/NoSuchMethodError'{0x000000008cb33790}: 'java.lang.Object java.lang.invoke.DirectMethodHandle$Holder.invokeStaticInit(java.lang.Object, java.lang.Object, long, java.lang.Object)'> (0x000000008cb33790) thrown at [./src/hotspot/share/interpreter/linkResolver.cpp, line 773]
Event: 577.996 Thread 0x00000289e8096800 Exception <a 'java/lang/NoSuchMethodError'{0x000000008cb39928}: 'java.lang.Object java.lang.invoke.DirectMethodHandle$Holder.invokeStatic(java.lang.Object, java.lang.Object, long)'> (0x000000008cb39928) thrown at [./src/hotspot/share/interpreter/linkResolver.cpp, line 773]
Event: 577.997 Thread 0x00000289e8096800 Exception <a 'java/lang/NoSuchMethodError'{0x000000008cb40268}: 'java.lang.Object java.lang.invoke.Invokers$Holder.linkToTargetMethod(java.lang.Object, long, java.lang.Object)'> (0x000000008cb40268) thrown at [./src/hotspot/share/interpreter/linkResolver.cpp, line 773]

Events (20 events):
Event: 578.416 loading class com/google/common/collect/Iterables$4
Event: 578.416 loading class com/google/common/collect/Iterables$4 done
Event: 578.417 loading class com/google/common/collect/FluentIterable
Event: 578.417 loading class com/google/common/collect/FluentIterable done
Event: 578.420 loading class com/google/common/collect/FluentIterable$2
Event: 578.420 loading class com/google/common/collect/FluentIterable$2 done
Event: 578.420 loading class com/google/common/collect/FluentIterable$1
Event: 578.420 loading class com/google/common/collect/FluentIterable$1 done
Event: 578.421 loading class com/google/common/collect/FluentIterable$3
Event: 578.421 loading class com/google/common/collect/FluentIterable$3 done
Event: 578.421 loading class com/google/common/base/Absent
Event: 578.421 loading class com/google/common/base/Absent done
Event: 578.422 loading class com/google/common/collect/AbstractIterator$State
Event: 578.422 loading class com/google/common/collect/AbstractIterator$State done
Event: 578.422 loading class com/google/common/collect/AbstractIterator$1
Event: 578.422 loading class com/google/common/collect/AbstractIterator$1 done
Event: 581.173 loading class org/gradle/workers/internal/WorkerDaemonExpiration$SimpleMemoryExpirationSelector
Event: 581.173 loading class org/gradle/workers/internal/WorkerDaemonExpiration$SimpleMemoryExpirationSelector done
Event: 581.175 loading class org/gradle/workers/internal/WorkerDaemonClient
Event: 581.175 loading class org/gradle/workers/internal/WorkerDaemonClient done


Dynamic libraries:
0x00007ff775560000 - 0x00007ff77556a000 	D:\New folder (2)\jre\bin\java.exe
0x00007ffc668d0000 - 0x00007ffc66ac8000 	C:\Windows\SYSTEM32\ntdll.dll
0x00007ffc64930000 - 0x00007ffc649ed000 	C:\Windows\System32\KERNEL32.DLL
0x00007ffc64190000 - 0x00007ffc6445e000 	C:\Windows\System32\KERNELBASE.dll
0x00007ffc64590000 - 0x00007ffc64690000 	C:\Windows\System32\ucrtbase.dll
0x00007ffc5eb80000 - 0x00007ffc5eb97000 	D:\New folder (2)\jre\bin\VCRUNTIME140.dll
0x00007ffc5d800000 - 0x00007ffc5d819000 	D:\New folder (2)\jre\bin\jli.dll
0x00007ffc661f0000 - 0x00007ffc66390000 	C:\Windows\System32\USER32.dll
0x00007ffc54290000 - 0x00007ffc5452a000 	C:\Windows\WinSxS\amd64_microsoft.windows.common-controls_6595b64144ccf1df_6.0.19041.1110_none_60b5254171f9507e\COMCTL32.dll
0x00007ffc64690000 - 0x00007ffc646b2000 	C:\Windows\System32\win32u.dll
0x00007ffc64cf0000 - 0x00007ffc64d8e000 	C:\Windows\System32\msvcrt.dll
0x00007ffc65f30000 - 0x00007ffc65f5a000 	C:\Windows\System32\GDI32.dll
0x00007ffc64820000 - 0x00007ffc6492b000 	C:\Windows\System32\gdi32full.dll
0x00007ffc63ff0000 - 0x00007ffc6408d000 	C:\Windows\System32\msvcp_win.dll
0x00007ffc66500000 - 0x00007ffc66530000 	C:\Windows\System32\IMM32.DLL
0x00007ffc42bd0000 - 0x00007ffc42c6d000 	D:\New folder (2)\jre\bin\msvcp140.dll
0x00007ffc0e160000 - 0x00007ffc0ec45000 	D:\New folder (2)\jre\bin\server\jvm.dll
0x00007ffc65730000 - 0x00007ffc657de000 	C:\Windows\System32\ADVAPI32.dll
0x00007ffc66390000 - 0x00007ffc6642c000 	C:\Windows\System32\sechost.dll
0x00007ffc65320000 - 0x00007ffc65445000 	C:\Windows\System32\RPCRT4.dll
0x00007ffc655e0000 - 0x00007ffc655e8000 	C:\Windows\System32\PSAPI.DLL
0x00007ffc5f6a0000 - 0x00007ffc5f6a9000 	C:\Windows\SYSTEM32\WSOCK32.dll
0x00007ffc52a10000 - 0x00007ffc52a37000 	C:\Windows\SYSTEM32\WINMM.dll
0x00007ffc5dc00000 - 0x00007ffc5dc0a000 	C:\Windows\SYSTEM32\VERSION.dll
0x00007ffc660a0000 - 0x00007ffc6610b000 	C:\Windows\System32\WS2_32.dll
0x00007ffc62880000 - 0x00007ffc62892000 	C:\Windows\SYSTEM32\kernel.appcore.dll
0x00007ffc5e9f0000 - 0x00007ffc5ea01000 	D:\New folder (2)\jre\bin\verify.dll
0x00007ffc61c90000 - 0x00007ffc61e74000 	C:\Windows\SYSTEM32\DBGHELP.DLL
0x00007ffc51d10000 - 0x00007ffc51d3c000 	C:\Windows\SYSTEM32\dbgcore.DLL
0x00007ffc64100000 - 0x00007ffc64182000 	C:\Windows\System32\bcryptPrimitives.dll
0x00007ffc55ac0000 - 0x00007ffc55ae9000 	D:\New folder (2)\jre\bin\java.dll
0x00007ffc5ef50000 - 0x00007ffc5ef5b000 	D:\New folder (2)\jre\bin\jimage.dll
0x00007ffc55920000 - 0x00007ffc55938000 	D:\New folder (2)\jre\bin\zip.dll
0x00007ffc657e0000 - 0x00007ffc65f24000 	C:\Windows\System32\SHELL32.dll
0x00007ffc620d0000 - 0x00007ffc62864000 	C:\Windows\SYSTEM32\windows.storage.dll
0x00007ffc66530000 - 0x00007ffc66884000 	C:\Windows\System32\combase.dll
0x00007ffc63980000 - 0x00007ffc639b0000 	C:\Windows\SYSTEM32\Wldp.dll
0x00007ffc64da0000 - 0x00007ffc64e4d000 	C:\Windows\System32\SHCORE.dll
0x00007ffc66110000 - 0x00007ffc66165000 	C:\Windows\System32\shlwapi.dll
0x00007ffc63f30000 - 0x00007ffc63f4f000 	C:\Windows\SYSTEM32\profapi.dll
0x00007ffc54d50000 - 0x00007ffc54d6a000 	D:\New folder (2)\jre\bin\net.dll
0x00007ffc555f0000 - 0x00007ffc556fa000 	C:\Windows\SYSTEM32\WINHTTP.dll
0x00007ffc636e0000 - 0x00007ffc6374a000 	C:\Windows\system32\mswsock.dll
0x00007ffc54d30000 - 0x00007ffc54d44000 	D:\New folder (2)\jre\bin\nio.dll
0x00007ffc28fd0000 - 0x00007ffc28ff7000 	C:\Users\Admin\.gradle\native\e1d6ef7f7dcc3fd88c89a11ec53ec762bb8ba0a96d01ffa2cd45eb1d1d8dd5c5\windows-amd64\native-platform.dll
0x00007ffc2ab00000 - 0x00007ffc2ac44000 	C:\Users\Admin\.gradle\native\5664cfc778a61ccfe75a443a1ab52a65af34e5dc3c78e0209fed803814484fcb\windows-amd64\native-platform-file-events.dll
0x00007ffc5eb40000 - 0x00007ffc5eb4a000 	D:\New folder (2)\jre\bin\management.dll
0x00007ffc5ea70000 - 0x00007ffc5ea7d000 	D:\New folder (2)\jre\bin\management_ext.dll
0x00007ffc638e0000 - 0x00007ffc638f8000 	C:\Windows\SYSTEM32\CRYPTSP.dll
0x00007ffc63060000 - 0x00007ffc63094000 	C:\Windows\system32\rsaenh.dll
0x00007ffc64460000 - 0x00007ffc64487000 	C:\Windows\System32\bcrypt.dll
0x00007ffc63ef0000 - 0x00007ffc63f1e000 	C:\Windows\SYSTEM32\USERENV.dll
0x00007ffc638d0000 - 0x00007ffc638dc000 	C:\Windows\SYSTEM32\CRYPTBASE.dll
0x00007ffc633d0000 - 0x00007ffc6340b000 	C:\Windows\SYSTEM32\IPHLPAPI.DLL
0x00007ffc64ce0000 - 0x00007ffc64ce8000 	C:\Windows\System32\NSI.dll
0x00007ffc5b6a0000 - 0x00007ffc5b6b7000 	C:\Windows\SYSTEM32\dhcpcsvc6.DLL
0x00007ffc5c760000 - 0x00007ffc5c77d000 	C:\Windows\SYSTEM32\dhcpcsvc.DLL
0x00007ffc63410000 - 0x00007ffc634da000 	C:\Windows\SYSTEM32\DNSAPI.dll
0x00007ffc62cf0000 - 0x00007ffc62d23000 	C:\Windows\SYSTEM32\ntmarta.dll

dbghelp: loaded successfully - version: 4.0.5 - missing functions: none
symbol engine: initialized successfully - sym options: 0x614 - pdb path: .;D:\New folder (2)\jre\bin;C:\Windows\SYSTEM32;C:\Windows\WinSxS\amd64_microsoft.windows.common-controls_6595b64144ccf1df_6.0.19041.1110_none_60b5254171f9507e;D:\New folder (2)\jre\bin\server;C:\Users\Admin\.gradle\native\e1d6ef7f7dcc3fd88c89a11ec53ec762bb8ba0a96d01ffa2cd45eb1d1d8dd5c5\windows-amd64;C:\Users\Admin\.gradle\native\5664cfc778a61ccfe75a443a1ab52a65af34e5dc3c78e0209fed803814484fcb\windows-amd64

VM Arguments:
jvm_args: --add-opens=java.base/java.util=ALL-UNNAMED --add-opens=java.base/java.lang=ALL-UNNAMED --add-opens=java.base/java.lang.invoke=ALL-UNNAMED --add-opens=java.base/java.util=ALL-UNNAMED --add-opens=java.prefs/java.util.prefs=ALL-UNNAMED --add-opens=java.prefs/java.util.prefs=ALL-UNNAMED --add-opens=java.base/java.nio.charset=ALL-UNNAMED --add-opens=java.base/java.net=ALL-UNNAMED --add-opens=java.base/java.util.concurrent.atomic=ALL-UNNAMED -Xmx2048m -Dfile.encoding=UTF-8 -Duser.country=US -Duser.language=en -Duser.variant 
java_command: org.gradle.launcher.daemon.bootstrap.GradleDaemon 7.3.3
java_class_path (initial): C:\Users\Admin\.gradle\wrapper\dists\gradle-7.3.3-bin\6a41zxkdtcxs8rphpq6y0069z\gradle-7.3.3\lib\gradle-launcher-7.3.3.jar
Launcher Type: SUN_STANDARD

[Global flags]
     intx CICompilerCount                          = 3                                         {product} {ergonomic}
     uint ConcGCThreads                            = 1                                         {product} {ergonomic}
     uint G1ConcRefinementThreads                  = 4                                         {product} {ergonomic}
   size_t G1HeapRegionSize                         = 1048576                                   {product} {ergonomic}
    uintx GCDrainStackTargetSize                   = 64                                        {product} {ergonomic}
   size_t InitialHeapSize                          = 132120576                                 {product} {ergonomic}
   size_t MarkStackSize                            = 4194304                                   {product} {ergonomic}
   size_t MaxHeapSize                              = 2147483648                                {product} {command line}
   size_t MaxNewSize                               = 1287651328                                {product} {ergonomic}
   size_t MinHeapDeltaBytes                        = 1048576                                   {product} {ergonomic}
    uintx NonNMethodCodeHeapSize                   = 5830732                                {pd product} {ergonomic}
    uintx NonProfiledCodeHeapSize                  = 122913754                              {pd product} {ergonomic}
    uintx ProfiledCodeHeapSize                     = 122913754                              {pd product} {ergonomic}
    uintx ReservedCodeCacheSize                    = 251658240                              {pd product} {ergonomic}
     bool SegmentedCodeCache                       = true                                      {product} {ergonomic}
     bool UseCompressedClassPointers               = true                                 {lp64_product} {ergonomic}
     bool UseCompressedOops                        = true                                 {lp64_product} {ergonomic}
     bool UseG1GC                                  = true                                      {product} {ergonomic}
     bool UseLargePagesIndividualAllocation        = false                                  {pd product} {ergonomic}

Logging:
Log output configuration:
 #0: stdout all=warning uptime,level,tags
 #1: stderr all=off uptime,level,tags

Environment Variables:
JAVA_HOME=C:\Program Files\Java\jdk-11.0.2
PATH=C:\Program Files\Java\ibm-semeru-open-jdk_x64_windows_11.0.15_10_openj9-0.32.0\bin;E:\eclipse\bin;C:\Program Files\Common Files\Oracle\Java\javapath;C:\Windows\system32;C:\Windows;C:\Windows\System32\Wbem;C:\Windows\System32\WindowsPowerShell\v1.0\;C:\Windows\System32\OpenSSH\;C:\Program Files\Azure Data Studio\bin;C:\Program Files\Microsoft SQL Server\Client SDK\ODBC\170\Tools\Binn\;C:\Program Files (x86)\Microsoft SQL Server\150\Tools\Binn\;C:\Program Files\Microsoft SQL Server\150\Tools\Binn\;C:\Program Files\Microsoft SQL Server\150\DTS\Binn\;C:\Program Files (x86)\Microsoft SQL Server\150\DTS\Binn\;C:\Program Files\Microsoft SQL Server\130\Tools\Binn\;C:\Program Files\Git\cmd;C:\Program Files\MySQL\MySQL Shell 8.0\bin\;C:\Users\Admin\AppData\Local\Microsoft\WindowsApps;C:\Program Files\Azure Data Studio\bin;C:\Program Files\Azure Data Studio\bin
USERNAME=Admin
OS=Windows_NT
PROCESSOR_IDENTIFIER=Intel64 Family 6 Model 142 Stepping 9, GenuineIntel



---------------  S Y S T E M  ---------------

OS: Windows 10 , 64 bit Build 19041 (10.0.19041.1889)
OS uptime: 2 days 8:30 hours

CPU:total 4 (initial active 4) (2 cores per cpu, 2 threads per core) family 6 model 142 stepping 9 microcode 0xb4, cmov, cx8, fxsr, mmx, sse, sse2, sse3, ssse3, sse4.1, sse4.2, popcnt, avx, avx2, aes, clmul, erms, 3dnowpref, lzcnt, ht, tsc, tscinvbit, bmi1, bmi2, adx, fma

Memory: 4k page, system-wide physical 8057M (567M free)
TotalPageFile size 12153M (AvailPageFile size 11M)
current process WorkingSet (physical memory assigned to process): 40M, peak: 581M
current process commit charge ("private bytes"): 534M, peak: 613M

vm_info: OpenJDK 64-Bit Server VM (11.0.12+7-b1504.28-7817840) for windows-amd64 JRE (11.0.12+7-b1504.28-7817840), built on Oct 13 2021 22:12:33 by "builder" with MS VC++ 14.0 (VS2015)

END.
